<?xml version="1.0" encoding="UTF-8"?>
<!-- Generated by org.testng.reporters.JUnitXMLReporter -->
<testsuite hostname="Durai-LT" name="Where the work is Test" tests="5" failures="1" timestamp="28 Mar 2020 08:25:19 GMT" time="132.075" errors="0">
  <testcase name="defaultLocationSeclectedTest" time="0.042" classname="com.whertheworkis.qa.testcase.HomePageTest">
    <failure type="java.lang.AssertionError" message="expected [United Kingdom] but found []">
      <![CDATA[java.lang.AssertionError: expected [United Kingdom] but found []
	at com.whertheworkis.qa.testcase.HomePageTest.defaultLocationSeclectedTest(HomePageTest.java:87)
... Removed 30 stack frames]]>
    </failure>
  </testcase> <!-- defaultLocationSeclectedTest -->
  <testcase name="dropDownMenuLocationSelecableTest" time="9.76" classname="com.whertheworkis.qa.testcase.HomePageTest"/>
  <testcase name="homePageHeaderSectionTest" time="0.046" classname="com.whertheworkis.qa.testcase.HomePageTest"/>
  <testcase name="homePageLogoTest" time="0.044" classname="com.whertheworkis.qa.testcase.HomePageTest"/>
  <testcase name="homePageTitleTest" time="0.032" classname="com.whertheworkis.qa.testcase.HomePageTest"/>
</testsuite> <!-- Where the work is Test -->
