<?xml version="1.0" encoding="UTF-8"?>
<!-- Generated by org.testng.reporters.JUnitXMLReporter -->
<testsuite hostname="Durai-LT" name="Where the work is Test" tests="65" failures="0" timestamp="12 Apr 2020 11:06:29 GMT" time="219.881" errors="0">
  <testcase name="@BeforeClass setUp" time="0.0" classname="com.wheretheworkis.qa.testcase.ProspectsAcrossLocationsPageTest">
    <failure type="org.openqa.selenium.TimeoutException" message="Expected condition failed: waiting for visibility of [[ChromeDriver: chrome on WINDOWS (c094bed567807338fb79ac9919857b1c)] -&amp;gt; id: occupationModalLabel] (tried for 15 second(s) with 500 milliseconds interval)
Build info: version: &amp;apos;3.141.59&amp;apos;, revision: &amp;apos;e82be7d358&amp;apos;, time: &amp;apos;2018-11-14T08:17:03&amp;apos;
System info: host: &amp;apos;DURAI-LT&amp;apos;, ip: &amp;apos;192.168.43.40&amp;apos;, os.name: &amp;apos;Windows 8.1&amp;apos;, os.arch: &amp;apos;amd64&amp;apos;, os.version: &amp;apos;6.3&amp;apos;, java.version: &amp;apos;1.8.0_11&amp;apos;
Driver info: org.openqa.selenium.chrome.ChromeDriver
Capabilities {acceptInsecureCerts: false, browserName: chrome, browserVersion: 80.0.3987.163, chrome: {chromedriverVersion: 80.0.3987.106 (f68069574609..., userDataDir: C:\Users\DVENKA~1\AppData\L...}, goog:chromeOptions: {debuggerAddress: localhost:64614}, javascriptEnabled: true, networkConnectionEnabled: false, pageLoadStrategy: eager, platform: WINDOWS, platformName: WINDOWS, proxy: Proxy(), setWindowRect: true, strictFileInteractability: false, timeouts: {implicit: 0, pageLoad: 300000, script: 30000}, unhandledPromptBehavior: dismiss and notify}
Session ID: c094bed567807338fb79ac9919857b1c">
      <![CDATA[org.openqa.selenium.TimeoutException: Expected condition failed: waiting for visibility of [[ChromeDriver: chrome on WINDOWS (c094bed567807338fb79ac9919857b1c)] -> id: occupationModalLabel] (tried for 15 second(s) with 500 milliseconds interval)
Build info: version: '3.141.59', revision: 'e82be7d358', time: '2018-11-14T08:17:03'
System info: host: 'DURAI-LT', ip: '192.168.43.40', os.name: 'Windows 8.1', os.arch: 'amd64', os.version: '6.3', java.version: '1.8.0_11'
Driver info: org.openqa.selenium.chrome.ChromeDriver
Capabilities {acceptInsecureCerts: false, browserName: chrome, browserVersion: 80.0.3987.163, chrome: {chromedriverVersion: 80.0.3987.106 (f68069574609..., userDataDir: C:\Users\DVENKA~1\AppData\L...}, goog:chromeOptions: {debuggerAddress: localhost:64614}, javascriptEnabled: true, networkConnectionEnabled: false, pageLoadStrategy: eager, platform: WINDOWS, platformName: WINDOWS, proxy: Proxy(), setWindowRect: true, strictFileInteractability: false, timeouts: {implicit: 0, pageLoad: 300000, script: 30000}, unhandledPromptBehavior: dismiss and notify}
Session ID: c094bed567807338fb79ac9919857b1c
	at org.openqa.selenium.support.ui.WebDriverWait.timeoutException(WebDriverWait.java:95)
	at org.openqa.selenium.support.ui.FluentWait.until(FluentWait.java:272)
	at com.wheretheworkis.qa.util.TestUtil.waitForElementToBeVisible(TestUtil.java:48)
	at com.wheretheworkis.qa.pages.HomePage.clickOnOccupation(HomePage.java:463)
	at com.wheretheworkis.qa.testcase.ProspectsAcrossLocationsPageTest.setUp(ProspectsAcrossLocationsPageTest.java:32)
	at com.wheretheworkis.qa.testcase.TestRunner.main(TestRunner.java:24)
... Removed 21 stack frames]]>
    </failure>
  </testcase> <!-- @BeforeClass setUp -->
  <testcase name="@BeforeClass setUp" time="0.0" classname="com.wheretheworkis.qa.testcase.HomePageTest">
    <failure type="org.openqa.selenium.TimeoutException" message="timeout: Timed out receiving message from renderer: -0.002
  (Session info: chrome=80.0.3987.163)
Build info: version: &amp;apos;3.141.59&amp;apos;, revision: &amp;apos;e82be7d358&amp;apos;, time: &amp;apos;2018-11-14T08:17:03&amp;apos;
System info: host: &amp;apos;DURAI-LT&amp;apos;, ip: &amp;apos;192.168.43.40&amp;apos;, os.name: &amp;apos;Windows 8.1&amp;apos;, os.arch: &amp;apos;amd64&amp;apos;, os.version: &amp;apos;6.3&amp;apos;, java.version: &amp;apos;1.8.0_11&amp;apos;
Driver info: org.openqa.selenium.chrome.ChromeDriver
Capabilities {acceptInsecureCerts: false, browserName: chrome, browserVersion: 80.0.3987.163, chrome: {chromedriverVersion: 80.0.3987.106 (f68069574609..., userDataDir: C:\Users\DVENKA~1\AppData\L...}, goog:chromeOptions: {debuggerAddress: localhost:64679}, javascriptEnabled: true, networkConnectionEnabled: false, pageLoadStrategy: eager, platform: WINDOWS, platformName: WINDOWS, proxy: Proxy(), setWindowRect: true, strictFileInteractability: false, timeouts: {implicit: 0, pageLoad: 300000, script: 30000}, unhandledPromptBehavior: dismiss and notify}
Session ID: 79a63b08b42c773778ff04ee115e63ab">
      <![CDATA[org.openqa.selenium.TimeoutException: timeout: Timed out receiving message from renderer: -0.002
  (Session info: chrome=80.0.3987.163)
Build info: version: '3.141.59', revision: 'e82be7d358', time: '2018-11-14T08:17:03'
System info: host: 'DURAI-LT', ip: '192.168.43.40', os.name: 'Windows 8.1', os.arch: 'amd64', os.version: '6.3', java.version: '1.8.0_11'
Driver info: org.openqa.selenium.chrome.ChromeDriver
Capabilities {acceptInsecureCerts: false, browserName: chrome, browserVersion: 80.0.3987.163, chrome: {chromedriverVersion: 80.0.3987.106 (f68069574609..., userDataDir: C:\Users\DVENKA~1\AppData\L...}, goog:chromeOptions: {debuggerAddress: localhost:64679}, javascriptEnabled: true, networkConnectionEnabled: false, pageLoadStrategy: eager, platform: WINDOWS, platformName: WINDOWS, proxy: Proxy(), setWindowRect: true, strictFileInteractability: false, timeouts: {implicit: 0, pageLoad: 300000, script: 30000}, unhandledPromptBehavior: dismiss and notify}
Session ID: 79a63b08b42c773778ff04ee115e63ab
	at org.openqa.selenium.remote.http.W3CHttpResponseCodec.createException(W3CHttpResponseCodec.java:187)
	at org.openqa.selenium.remote.http.W3CHttpResponseCodec.decode(W3CHttpResponseCodec.java:122)
	at org.openqa.selenium.remote.http.W3CHttpResponseCodec.decode(W3CHttpResponseCodec.java:49)
	at org.openqa.selenium.remote.HttpCommandExecutor.execute(HttpCommandExecutor.java:158)
	at org.openqa.selenium.remote.service.DriverCommandExecutor.execute(DriverCommandExecutor.java:83)
	at org.openqa.selenium.remote.RemoteWebDriver.execute(RemoteWebDriver.java:552)
	at org.openqa.selenium.remote.RemoteWebDriver.get(RemoteWebDriver.java:277)
	at com.wheretheworkis.qa.base.TestBase.initialization(TestBase.java:75)
	at com.wheretheworkis.qa.testcase.HomePageTest.setUp(HomePageTest.java:25)
	at com.wheretheworkis.qa.testcase.TestRunner.main(TestRunner.java:24)
... Removed 25 stack frames]]>
    </failure>
  </testcase> <!-- @BeforeClass setUp -->
  <testcase name="methodologyCsvDataFilePresentTest" time="0.391" classname="com.wheretheworkis.qa.testcase.MethodologyPageTest"/>
  <testcase name="methodologyDataDictionayFilePresentTest" time="0.035" classname="com.wheretheworkis.qa.testcase.MethodologyPageTest"/>
  <testcase name="projectedLineChartPresentTest" time="0.035" classname="com.wheretheworkis.qa.testcase.OccupationPopupWindowTest"/>
  <testcase name="occupationPopupTitleTest" time="0.029" classname="com.wheretheworkis.qa.testcase.OccupationPopupWindowTest"/>
  <testcase name="occupationProfilePieChartPresentTest" time="0.036" classname="com.wheretheworkis.qa.testcase.OccupationPopupWindowTest"/>
  <testcase name="mouseHoverOnPieChartTest" time="0.329" classname="com.wheretheworkis.qa.testcase.OccupationPopupWindowTest"/>
  <testcase name="mouseHoverOnLineChartTest" time="0.372" classname="com.wheretheworkis.qa.testcase.OccupationPopupWindowTest"/>
  <testcase name="popupCloseButtonTest" time="0.091" classname="com.wheretheworkis.qa.testcase.OccupationPopupWindowTest"/>
  <testcase name="occupationDetailMapPresentTest" time="0.033" classname="com.wheretheworkis.qa.testcase.JobConcentrationPopupWindowTest"/>
  <testcase name="occupationNamePresentTest" time="0.026" classname="com.wheretheworkis.qa.testcase.JobConcentrationPopupWindowTest"/>
  <testcase name="mapLengendPresentTest" time="0.026" classname="com.wheretheworkis.qa.testcase.JobConcentrationPopupWindowTest"/>
  <testcase name="mapLepOrCityRegionRadioButtonSelectedTest" time="0.103" classname="com.wheretheworkis.qa.testcase.JobConcentrationPopupWindowTest"/>
  <testcase name="mapNationOrRegionRadioButtonSelectedTest" time="0.098" classname="com.wheretheworkis.qa.testcase.JobConcentrationPopupWindowTest"/>
  <testcase name="mapLocationMouseHoverTest" time="0.347" classname="com.wheretheworkis.qa.testcase.JobConcentrationPopupWindowTest"/>
  <testcase name="jobConcentrationPopupCloseButtonTest" time="0.095" classname="com.wheretheworkis.qa.testcase.JobConcentrationPopupWindowTest"/>
  <testcase name="csvDataFilePresentTest" time="0.362" classname="com.wheretheworkis.qa.testcase.AboutPageTest"/>
  <testcase name="dataDictionayFilePresentTest" time="0.032" classname="com.wheretheworkis.qa.testcase.AboutPageTest"/>
  <testcase name="occupationTablePresentTest" time="0.0" classname="com.wheretheworkis.qa.testcase.ProspectsAcrossLocationsPageTest">
    <skipped/>
  </testcase> <!-- occupationTablePresentTest -->
  <testcase name="dropDownDefaultSelectedOccupationTest" time="0.0" classname="com.wheretheworkis.qa.testcase.ProspectsAcrossLocationsPageTest">
    <skipped/>
  </testcase> <!-- dropDownDefaultSelectedOccupationTest -->
  <testcase name="nationOrRegionRadioButtonTest" time="0.0" classname="com.wheretheworkis.qa.testcase.ProspectsAcrossLocationsPageTest">
    <skipped/>
  </testcase> <!-- nationOrRegionRadioButtonTest -->
  <testcase name="lepareaOrCityRegionRadioButtonTest" time="0.0" classname="com.wheretheworkis.qa.testcase.ProspectsAcrossLocationsPageTest">
    <skipped/>
  </testcase> <!-- lepareaOrCityRegionRadioButtonTest -->
  <testcase name="jobConcentrationMapButtonPresentTest" time="0.0" classname="com.wheretheworkis.qa.testcase.ProspectsAcrossLocationsPageTest">
    <skipped/>
  </testcase> <!-- jobConcentrationMapButtonPresentTest -->
  <testcase name="jobConcentrationMapPopupPresentTest" time="0.0" classname="com.wheretheworkis.qa.testcase.ProspectsAcrossLocationsPageTest">
    <skipped/>
  </testcase> <!-- jobConcentrationMapPopupPresentTest -->
  <testcase name="backButtonTest" time="0.001" classname="com.wheretheworkis.qa.testcase.ProspectsAcrossLocationsPageTest">
    <skipped/>
  </testcase> <!-- backButtonTest -->
  <testcase name="homePageLogoTest" time="0.0" classname="com.wheretheworkis.qa.testcase.HomePageTest">
    <skipped/>
  </testcase> <!-- homePageLogoTest -->
  <testcase name="homePageTitleTest" time="0.0" classname="com.wheretheworkis.qa.testcase.HomePageTest">
    <skipped/>
  </testcase> <!-- homePageTitleTest -->
  <testcase name="homePageHeaderSectionTest" time="0.0" classname="com.wheretheworkis.qa.testcase.HomePageTest">
    <skipped/>
  </testcase> <!-- homePageHeaderSectionTest -->
  <testcase name="aboutLinkTextPresentTest" time="0.0" classname="com.wheretheworkis.qa.testcase.HomePageTest">
    <skipped/>
  </testcase> <!-- aboutLinkTextPresentTest -->
  <testcase name="relatedResearchPageLinkTextPresentTest" time="0.001" classname="com.wheretheworkis.qa.testcase.HomePageTest">
    <skipped/>
  </testcase> <!-- relatedResearchPageLinkTextPresentTest -->
  <testcase name="methodologyPageLinkTextPresentTest" time="0.0" classname="com.wheretheworkis.qa.testcase.HomePageTest">
    <skipped/>
  </testcase> <!-- methodologyPageLinkTextPresentTest -->
  <testcase name="whatcanthistoolshowPageLinkTextPresentTest" time="0.0" classname="com.wheretheworkis.qa.testcase.HomePageTest">
    <skipped/>
  </testcase> <!-- whatcanthistoolshowPageLinkTextPresentTest -->
  <testcase name="defaultLocationSeclectedTest" time="0.0" classname="com.wheretheworkis.qa.testcase.HomePageTest">
    <skipped/>
  </testcase> <!-- defaultLocationSeclectedTest -->
  <testcase name="occupationGroupsInformationPresentTest" time="0.0" classname="com.wheretheworkis.qa.testcase.HomePageTest">
    <skipped/>
  </testcase> <!-- occupationGroupsInformationPresentTest -->
  <testcase name="showallButtonPresentTest" time="0.0" classname="com.wheretheworkis.qa.testcase.HomePageTest">
    <skipped/>
  </testcase> <!-- showallButtonPresentTest -->
  <testcase name="occupationGroupsDashboardHelperPresentTest" time="0.0" classname="com.wheretheworkis.qa.testcase.HomePageTest">
    <skipped/>
  </testcase> <!-- occupationGroupsDashboardHelperPresentTest -->
  <testcase name="occupationGroupsBarChartHelperPresentTest" time="0.0" classname="com.wheretheworkis.qa.testcase.HomePageTest">
    <skipped/>
  </testcase> <!-- occupationGroupsBarChartHelperPresentTest -->
  <testcase name="occupationGroupsBarChartAxisPresentTest" time="0.0" classname="com.wheretheworkis.qa.testcase.HomePageTest">
    <skipped/>
  </testcase> <!-- occupationGroupsBarChartAxisPresentTest -->
  <testcase name="clickToHideBarChartLengentPresentTest" time="0.0" classname="com.wheretheworkis.qa.testcase.HomePageTest">
    <skipped/>
  </testcase> <!-- clickToHideBarChartLengentPresentTest -->
  <testcase name="barChartHigherEducationLenegntVisibilityTest" time="0.0" classname="com.wheretheworkis.qa.testcase.HomePageTest">
    <skipped/>
  </testcase> <!-- barChartHigherEducationLenegntVisibilityTest -->
  <testcase name="barChartFutherEducationLegentVisibilityTest" time="0.0" classname="com.wheretheworkis.qa.testcase.HomePageTest">
    <skipped/>
  </testcase> <!-- barChartFutherEducationLegentVisibilityTest -->
  <testcase name="barChartSchoolLeaversLegentVisibilityTest" time="0.0" classname="com.wheretheworkis.qa.testcase.HomePageTest">
    <skipped/>
  </testcase> <!-- barChartSchoolLeaversLegentVisibilityTest -->
  <testcase name="bubbleChartPresentTest" time="0.0" classname="com.wheretheworkis.qa.testcase.HomePageTest">
    <skipped/>
  </testcase> <!-- bubbleChartPresentTest -->
  <testcase name="bubbleChartFootnotePresentTest" time="0.0" classname="com.wheretheworkis.qa.testcase.HomePageTest">
    <skipped/>
  </testcase> <!-- bubbleChartFootnotePresentTest -->
  <testcase name="footerSectionLogoPresentTest" time="0.0" classname="com.wheretheworkis.qa.testcase.HomePageTest">
    <skipped/>
  </testcase> <!-- footerSectionLogoPresentTest -->
  <testcase name="barChartDataClassificationTest" time="0.0" classname="com.wheretheworkis.qa.testcase.HomePageTest">
    <skipped/>
  </testcase> <!-- barChartDataClassificationTest -->
  <testcase name="barChartToolTipTest" time="0.0" classname="com.wheretheworkis.qa.testcase.HomePageTest">
    <skipped/>
  </testcase> <!-- barChartToolTipTest -->
  <testcase name="barChartJobOpeningToolTipTest" time="0.0" classname="com.wheretheworkis.qa.testcase.HomePageTest">
    <skipped/>
  </testcase> <!-- barChartJobOpeningToolTipTest -->
  <testcase name="bubbleChartToolTipTest" time="0.0" classname="com.wheretheworkis.qa.testcase.HomePageTest">
    <skipped/>
  </testcase> <!-- bubbleChartToolTipTest -->
  <testcase name="bubbleChartSalaryToolTipTest" time="0.0" classname="com.wheretheworkis.qa.testcase.HomePageTest">
    <skipped/>
  </testcase> <!-- bubbleChartSalaryToolTipTest -->
  <testcase name="bubbleChartOpportunityToolTipTest" time="0.0" classname="com.wheretheworkis.qa.testcase.HomePageTest">
    <skipped/>
  </testcase> <!-- bubbleChartOpportunityToolTipTest -->
  <testcase name="bubbleChartEducationDropDownToolTipTest" time="0.0" classname="com.wheretheworkis.qa.testcase.HomePageTest">
    <skipped/>
  </testcase> <!-- bubbleChartEducationDropDownToolTipTest -->
  <testcase name="bubbleChartEducationDropDownMenuTest" time="0.0" classname="com.wheretheworkis.qa.testcase.HomePageTest">
    <skipped/>
  </testcase> <!-- bubbleChartEducationDropDownMenuTest -->
  <testcase name="dropDownMenuLocationSelecableTest" time="0.0" classname="com.wheretheworkis.qa.testcase.HomePageTest">
    <skipped/>
  </testcase> <!-- dropDownMenuLocationSelecableTest -->
  <testcase name="mouseHoverOnDashboardOccupationGroupsTest" time="0.0" classname="com.wheretheworkis.qa.testcase.HomePageTest">
    <skipped/>
  </testcase> <!-- mouseHoverOnDashboardOccupationGroupsTest -->
  <testcase name="mouseHoverOnBarChartOccupationGroupsTest" time="0.0" classname="com.wheretheworkis.qa.testcase.HomePageTest">
    <skipped/>
  </testcase> <!-- mouseHoverOnBarChartOccupationGroupsTest -->
  <testcase name="mouseHoverOnBubbleChartOccupationGroupsTest" time="0.0" classname="com.wheretheworkis.qa.testcase.HomePageTest">
    <skipped/>
  </testcase> <!-- mouseHoverOnBubbleChartOccupationGroupsTest -->
  <testcase name="mouseClickOnOccupationGroupDashboardTest" time="0.0" classname="com.wheretheworkis.qa.testcase.HomePageTest">
    <skipped/>
  </testcase> <!-- mouseClickOnOccupationGroupDashboardTest -->
  <testcase name="barChartTitleTest" time="0.0" classname="com.wheretheworkis.qa.testcase.HomePageTest">
    <skipped/>
  </testcase> <!-- barChartTitleTest -->
  <testcase name="bubbleChartDataTest" time="0.0" classname="com.wheretheworkis.qa.testcase.HomePageTest">
    <skipped/>
  </testcase> <!-- bubbleChartDataTest -->
  <testcase name="barChartMouseHoverOnOccupationTest" time="0.0" classname="com.wheretheworkis.qa.testcase.HomePageTest">
    <skipped/>
  </testcase> <!-- barChartMouseHoverOnOccupationTest -->
  <testcase name="bubbleChartMouseHoverOnOccupationTest" time="0.0" classname="com.wheretheworkis.qa.testcase.HomePageTest">
    <skipped/>
  </testcase> <!-- bubbleChartMouseHoverOnOccupationTest -->
  <testcase name="showallButtonFunctionTest" time="0.0" classname="com.wheretheworkis.qa.testcase.HomePageTest">
    <skipped/>
  </testcase> <!-- showallButtonFunctionTest -->
  <testcase name="mouseClickBarChartOccupationGroupTest" time="0.0" classname="com.wheretheworkis.qa.testcase.HomePageTest">
    <skipped/>
  </testcase> <!-- mouseClickBarChartOccupationGroupTest -->
  <testcase name="barChartPopupWindowOpenTest" time="0.001" classname="com.wheretheworkis.qa.testcase.HomePageTest">
    <skipped/>
  </testcase> <!-- barChartPopupWindowOpenTest -->
  <testcase name="bubbleChartPopupWindowOpenTest" time="0.0" classname="com.wheretheworkis.qa.testcase.HomePageTest">
    <skipped/>
  </testcase> <!-- bubbleChartPopupWindowOpenTest -->
</testsuite> <!-- Where the work is Test -->
