<html>
<head>
<title>TestNG:  Where the work is Test</title>
<link href="../testng.css" rel="stylesheet" type="text/css" />
<link href="../my-testng.css" rel="stylesheet" type="text/css" />

<style type="text/css">
.log { display: none;} 
.stack-trace { display: none;} 
</style>
<script type="text/javascript">
<!--
function flip(e) {
  current = e.style.display;
  if (current == 'block') {
    e.style.display = 'none';
    return 0;
  }
  else {
    e.style.display = 'block';
    return 1;
  }
}

function toggleBox(szDivId, elem, msg1, msg2)
{
  var res = -1;  if (document.getElementById) {
    res = flip(document.getElementById(szDivId));
  }
  else if (document.all) {
    // this is the way old msie versions work
    res = flip(document.all[szDivId]);
  }
  if(elem) {
    if(res == 0) elem.innerHTML = msg1; else elem.innerHTML = msg2;
  }

}

function toggleAllBoxes() {
  if (document.getElementsByTagName) {
    d = document.getElementsByTagName('div');
    for (i = 0; i < d.length; i++) {
      if (d[i].className == 'log') {
        flip(d[i]);
      }
    }
  }
}

// -->
</script>

</head>
<body>
<h2 align='center'>Where the work is Test</h2><table border='1' align="center">
<tr>
<td>Tests passed/Failed/Skipped:</td><td>17/0/48</td>
</tr><tr>
<td>Started on:</td><td>Sun Apr 12 16:32:49 IST 2020</td>
</tr>
<tr><td>Total time:</td><td>219 seconds (219881 ms)</td>
</tr><tr>
<td>Included groups:</td><td></td>
</tr><tr>
<td>Excluded groups:</td><td></td>
</tr>
</table><p/>
<small><i>(Hover the method name to see the test class name)</i></small><p/>
<table width='100%' border='1' class='invocation-failed'>
<tr><td colspan='4' align='center'><b>FAILED CONFIGURATIONS</b></td></tr>
<tr><td><b>Test method</b></td>
<td width="30%"><b>Exception</b></td>
<td width="10%"><b>Time (seconds)</b></td>
<td><b>Instance</b></td>
</tr>
<tr>
<td title='com.wheretheworkis.qa.testcase.ProspectsAcrossLocationsPageTest.setUp()'><b>setUp</b><br>Test class: com.wheretheworkis.qa.testcase.ProspectsAcrossLocationsPageTest</td>
<td><div><pre>org.openqa.selenium.TimeoutException: Expected condition failed: waiting for visibility of [[ChromeDriver: chrome on WINDOWS (c094bed567807338fb79ac9919857b1c)] -&gt; id: occupationModalLabel] (tried for 15 second(s) with 500 milliseconds interval)
Build info: version: &apos;3.141.59&apos;, revision: &apos;e82be7d358&apos;, time: &apos;2018-11-14T08:17:03&apos;
System info: host: &apos;DURAI-LT&apos;, ip: &apos;192.168.43.40&apos;, os.name: &apos;Windows 8.1&apos;, os.arch: &apos;amd64&apos;, os.version: &apos;6.3&apos;, java.version: &apos;1.8.0_11&apos;
Driver info: org.openqa.selenium.chrome.ChromeDriver
Capabilities {acceptInsecureCerts: false, browserName: chrome, browserVersion: 80.0.3987.163, chrome: {chromedriverVersion: 80.0.3987.106 (f68069574609..., userDataDir: C:\Users\DVENKA~1\AppData\L...}, goog:chromeOptions: {debuggerAddress: localhost:64614}, javascriptEnabled: true, networkConnectionEnabled: false, pageLoadStrategy: eager, platform: WINDOWS, platformName: WINDOWS, proxy: Proxy(), setWindowRect: true, strictFileInteractability: false, timeouts: {implicit: 0, pageLoad: 300000, script: 30000}, unhandledPromptBehavior: dismiss and notify}
Session ID: c094bed567807338fb79ac9919857b1c
	at org.openqa.selenium.support.ui.WebDriverWait.timeoutException(WebDriverWait.java:95)
	at org.openqa.selenium.support.ui.FluentWait.until(FluentWait.java:272)
	at com.wheretheworkis.qa.util.TestUtil.waitForElementToBeVisible(TestUtil.java:48)
	at com.wheretheworkis.qa.pages.HomePage.clickOnOccupation(HomePage.java:463)
	at com.wheretheworkis.qa.testcase.ProspectsAcrossLocationsPageTest.setUp(ProspectsAcrossLocationsPageTest.java:32)
	at com.wheretheworkis.qa.testcase.TestRunner.main(TestRunner.java:24)
... Removed 21 stack frames</pre></div><a href='#' onClick='toggleBox("stack-trace454440929", this, "Click to show all stack frames", "Click to hide stack frames")'>Click to show all stack frames</a>
<div class='stack-trace' id='stack-trace454440929'><pre>org.openqa.selenium.TimeoutException: Expected condition failed: waiting for visibility of [[ChromeDriver: chrome on WINDOWS (c094bed567807338fb79ac9919857b1c)] -&gt; id: occupationModalLabel] (tried for 15 second(s) with 500 milliseconds interval)
Build info: version: &apos;3.141.59&apos;, revision: &apos;e82be7d358&apos;, time: &apos;2018-11-14T08:17:03&apos;
System info: host: &apos;DURAI-LT&apos;, ip: &apos;192.168.43.40&apos;, os.name: &apos;Windows 8.1&apos;, os.arch: &apos;amd64&apos;, os.version: &apos;6.3&apos;, java.version: &apos;1.8.0_11&apos;
Driver info: org.openqa.selenium.chrome.ChromeDriver
Capabilities {acceptInsecureCerts: false, browserName: chrome, browserVersion: 80.0.3987.163, chrome: {chromedriverVersion: 80.0.3987.106 (f68069574609..., userDataDir: C:\Users\DVENKA~1\AppData\L...}, goog:chromeOptions: {debuggerAddress: localhost:64614}, javascriptEnabled: true, networkConnectionEnabled: false, pageLoadStrategy: eager, platform: WINDOWS, platformName: WINDOWS, proxy: Proxy(), setWindowRect: true, strictFileInteractability: false, timeouts: {implicit: 0, pageLoad: 300000, script: 30000}, unhandledPromptBehavior: dismiss and notify}
Session ID: c094bed567807338fb79ac9919857b1c
	at org.openqa.selenium.support.ui.WebDriverWait.timeoutException(WebDriverWait.java:95)
	at org.openqa.selenium.support.ui.FluentWait.until(FluentWait.java:272)
	at com.wheretheworkis.qa.util.TestUtil.waitForElementToBeVisible(TestUtil.java:48)
	at com.wheretheworkis.qa.pages.HomePage.clickOnOccupation(HomePage.java:463)
	at com.wheretheworkis.qa.testcase.ProspectsAcrossLocationsPageTest.setUp(ProspectsAcrossLocationsPageTest.java:32)
	at sun.reflect.NativeMethodAccessorImpl.invoke0(Native Method)
	at sun.reflect.NativeMethodAccessorImpl.invoke(NativeMethodAccessorImpl.java:62)
	at sun.reflect.DelegatingMethodAccessorImpl.invoke(DelegatingMethodAccessorImpl.java:43)
	at java.lang.reflect.Method.invoke(Method.java:483)
	at org.testng.internal.MethodInvocationHelper.invokeMethod(MethodInvocationHelper.java:80)
	at org.testng.internal.Invoker.invokeConfigurationMethod(Invoker.java:564)
	at org.testng.internal.Invoker.invokeConfigurations(Invoker.java:213)
	at org.testng.internal.Invoker.invokeConfigurations(Invoker.java:138)
	at org.testng.internal.TestMethodWorker.invokeBeforeClassMethods(TestMethodWorker.java:175)
	at org.testng.internal.TestMethodWorker.run(TestMethodWorker.java:107)
	at org.testng.TestRunner.privateRun(TestRunner.java:767)
	at org.testng.TestRunner.run(TestRunner.java:617)
	at org.testng.SuiteRunner.runTest(SuiteRunner.java:334)
	at org.testng.SuiteRunner.runSequentially(SuiteRunner.java:329)
	at org.testng.SuiteRunner.privateRun(SuiteRunner.java:291)
	at org.testng.SuiteRunner.run(SuiteRunner.java:240)
	at org.testng.SuiteRunnerWorker.runSuite(SuiteRunnerWorker.java:52)
	at org.testng.SuiteRunnerWorker.run(SuiteRunnerWorker.java:86)
	at org.testng.TestNG.runSuitesSequentially(TestNG.java:1198)
	at org.testng.TestNG.runSuitesLocally(TestNG.java:1123)
	at org.testng.TestNG.run(TestNG.java:1031)
	at com.wheretheworkis.qa.testcase.TestRunner.main(TestRunner.java:24)
</pre></div></td>
<td>0</td>
<td>com.wheretheworkis.qa.testcase.ProspectsAcrossLocationsPageTest@1c2c22f3</td></tr>
<tr>
<td title='com.wheretheworkis.qa.testcase.HomePageTest.setUp()'><b>setUp</b><br>Test class: com.wheretheworkis.qa.testcase.HomePageTest</td>
<td><div><pre>org.openqa.selenium.TimeoutException: timeout: Timed out receiving message from renderer: -0.002
  (Session info: chrome=80.0.3987.163)
Build info: version: &apos;3.141.59&apos;, revision: &apos;e82be7d358&apos;, time: &apos;2018-11-14T08:17:03&apos;
System info: host: &apos;DURAI-LT&apos;, ip: &apos;192.168.43.40&apos;, os.name: &apos;Windows 8.1&apos;, os.arch: &apos;amd64&apos;, os.version: &apos;6.3&apos;, java.version: &apos;1.8.0_11&apos;
Driver info: org.openqa.selenium.chrome.ChromeDriver
Capabilities {acceptInsecureCerts: false, browserName: chrome, browserVersion: 80.0.3987.163, chrome: {chromedriverVersion: 80.0.3987.106 (f68069574609..., userDataDir: C:\Users\DVENKA~1\AppData\L...}, goog:chromeOptions: {debuggerAddress: localhost:64679}, javascriptEnabled: true, networkConnectionEnabled: false, pageLoadStrategy: eager, platform: WINDOWS, platformName: WINDOWS, proxy: Proxy(), setWindowRect: true, strictFileInteractability: false, timeouts: {implicit: 0, pageLoad: 300000, script: 30000}, unhandledPromptBehavior: dismiss and notify}
Session ID: 79a63b08b42c773778ff04ee115e63ab
	at org.openqa.selenium.remote.http.W3CHttpResponseCodec.createException(W3CHttpResponseCodec.java:187)
	at org.openqa.selenium.remote.http.W3CHttpResponseCodec.decode(W3CHttpResponseCodec.java:122)
	at org.openqa.selenium.remote.http.W3CHttpResponseCodec.decode(W3CHttpResponseCodec.java:49)
	at org.openqa.selenium.remote.HttpCommandExecutor.execute(HttpCommandExecutor.java:158)
	at org.openqa.selenium.remote.service.DriverCommandExecutor.execute(DriverCommandExecutor.java:83)
	at org.openqa.selenium.remote.RemoteWebDriver.execute(RemoteWebDriver.java:552)
	at org.openqa.selenium.remote.RemoteWebDriver.get(RemoteWebDriver.java:277)
	at com.wheretheworkis.qa.base.TestBase.initialization(TestBase.java:75)
	at com.wheretheworkis.qa.testcase.HomePageTest.setUp(HomePageTest.java:25)
	at com.wheretheworkis.qa.testcase.TestRunner.main(TestRunner.java:24)
... Removed 25 stack frames</pre></div><a href='#' onClick='toggleBox("stack-trace2021835850", this, "Click to show all stack frames", "Click to hide stack frames")'>Click to show all stack frames</a>
<div class='stack-trace' id='stack-trace2021835850'><pre>org.openqa.selenium.TimeoutException: timeout: Timed out receiving message from renderer: -0.002
  (Session info: chrome=80.0.3987.163)
Build info: version: &apos;3.141.59&apos;, revision: &apos;e82be7d358&apos;, time: &apos;2018-11-14T08:17:03&apos;
System info: host: &apos;DURAI-LT&apos;, ip: &apos;192.168.43.40&apos;, os.name: &apos;Windows 8.1&apos;, os.arch: &apos;amd64&apos;, os.version: &apos;6.3&apos;, java.version: &apos;1.8.0_11&apos;
Driver info: org.openqa.selenium.chrome.ChromeDriver
Capabilities {acceptInsecureCerts: false, browserName: chrome, browserVersion: 80.0.3987.163, chrome: {chromedriverVersion: 80.0.3987.106 (f68069574609..., userDataDir: C:\Users\DVENKA~1\AppData\L...}, goog:chromeOptions: {debuggerAddress: localhost:64679}, javascriptEnabled: true, networkConnectionEnabled: false, pageLoadStrategy: eager, platform: WINDOWS, platformName: WINDOWS, proxy: Proxy(), setWindowRect: true, strictFileInteractability: false, timeouts: {implicit: 0, pageLoad: 300000, script: 30000}, unhandledPromptBehavior: dismiss and notify}
Session ID: 79a63b08b42c773778ff04ee115e63ab
	at sun.reflect.NativeConstructorAccessorImpl.newInstance0(Native Method)
	at sun.reflect.NativeConstructorAccessorImpl.newInstance(NativeConstructorAccessorImpl.java:62)
	at sun.reflect.DelegatingConstructorAccessorImpl.newInstance(DelegatingConstructorAccessorImpl.java:45)
	at java.lang.reflect.Constructor.newInstance(Constructor.java:408)
	at org.openqa.selenium.remote.http.W3CHttpResponseCodec.createException(W3CHttpResponseCodec.java:187)
	at org.openqa.selenium.remote.http.W3CHttpResponseCodec.decode(W3CHttpResponseCodec.java:122)
	at org.openqa.selenium.remote.http.W3CHttpResponseCodec.decode(W3CHttpResponseCodec.java:49)
	at org.openqa.selenium.remote.HttpCommandExecutor.execute(HttpCommandExecutor.java:158)
	at org.openqa.selenium.remote.service.DriverCommandExecutor.execute(DriverCommandExecutor.java:83)
	at org.openqa.selenium.remote.RemoteWebDriver.execute(RemoteWebDriver.java:552)
	at org.openqa.selenium.remote.RemoteWebDriver.get(RemoteWebDriver.java:277)
	at com.wheretheworkis.qa.base.TestBase.initialization(TestBase.java:75)
	at com.wheretheworkis.qa.testcase.HomePageTest.setUp(HomePageTest.java:25)
	at sun.reflect.NativeMethodAccessorImpl.invoke0(Native Method)
	at sun.reflect.NativeMethodAccessorImpl.invoke(NativeMethodAccessorImpl.java:62)
	at sun.reflect.DelegatingMethodAccessorImpl.invoke(DelegatingMethodAccessorImpl.java:43)
	at java.lang.reflect.Method.invoke(Method.java:483)
	at org.testng.internal.MethodInvocationHelper.invokeMethod(MethodInvocationHelper.java:80)
	at org.testng.internal.Invoker.invokeConfigurationMethod(Invoker.java:564)
	at org.testng.internal.Invoker.invokeConfigurations(Invoker.java:213)
	at org.testng.internal.Invoker.invokeConfigurations(Invoker.java:138)
	at org.testng.internal.TestMethodWorker.invokeBeforeClassMethods(TestMethodWorker.java:175)
	at org.testng.internal.TestMethodWorker.run(TestMethodWorker.java:107)
	at org.testng.TestRunner.privateRun(TestRunner.java:767)
	at org.testng.TestRunner.run(TestRunner.java:617)
	at org.testng.SuiteRunner.runTest(SuiteRunner.java:334)
	at org.testng.SuiteRunner.runSequentially(SuiteRunner.java:329)
	at org.testng.SuiteRunner.privateRun(SuiteRunner.java:291)
	at org.testng.SuiteRunner.run(SuiteRunner.java:240)
	at org.testng.SuiteRunnerWorker.runSuite(SuiteRunnerWorker.java:52)
	at org.testng.SuiteRunnerWorker.run(SuiteRunnerWorker.java:86)
	at org.testng.TestNG.runSuitesSequentially(TestNG.java:1198)
	at org.testng.TestNG.runSuitesLocally(TestNG.java:1123)
	at org.testng.TestNG.run(TestNG.java:1031)
	at com.wheretheworkis.qa.testcase.TestRunner.main(TestRunner.java:24)
</pre></div></td>
<td>0</td>
<td>com.wheretheworkis.qa.testcase.HomePageTest@18e8568</td></tr>
</table><p>
<table width='100%' border='1' class='invocation-passed'>
<tr><td colspan='4' align='center'><b>PASSED TESTS</b></td></tr>
<tr><td><b>Test method</b></td>
<td width="30%"><b>Exception</b></td>
<td width="10%"><b>Time (seconds)</b></td>
<td><b>Instance</b></td>
</tr>
<tr>
<td title='com.wheretheworkis.qa.testcase.AboutPageTest.csvDataFilePresentTest()'><b>csvDataFilePresentTest</b><br>Test class: com.wheretheworkis.qa.testcase.AboutPageTest</td>
<td></td>
<td>0</td>
<td>com.wheretheworkis.qa.testcase.AboutPageTest@1517365b</td></tr>
<tr>
<td title='com.wheretheworkis.qa.testcase.AboutPageTest.dataDictionayFilePresentTest()'><b>dataDictionayFilePresentTest</b><br>Test class: com.wheretheworkis.qa.testcase.AboutPageTest</td>
<td></td>
<td>0</td>
<td>com.wheretheworkis.qa.testcase.AboutPageTest@1517365b</td></tr>
<tr>
<td title='com.wheretheworkis.qa.testcase.JobConcentrationPopupWindowTest.jobConcentrationPopupCloseButtonTest()'><b>jobConcentrationPopupCloseButtonTest</b><br>Test class: com.wheretheworkis.qa.testcase.JobConcentrationPopupWindowTest</td>
<td></td>
<td>0</td>
<td>com.wheretheworkis.qa.testcase.JobConcentrationPopupWindowTest@46f5f779</td></tr>
<tr>
<td title='com.wheretheworkis.qa.testcase.JobConcentrationPopupWindowTest.mapLengendPresentTest()'><b>mapLengendPresentTest</b><br>Test class: com.wheretheworkis.qa.testcase.JobConcentrationPopupWindowTest</td>
<td></td>
<td>0</td>
<td>com.wheretheworkis.qa.testcase.JobConcentrationPopupWindowTest@46f5f779</td></tr>
<tr>
<td title='com.wheretheworkis.qa.testcase.JobConcentrationPopupWindowTest.mapLepOrCityRegionRadioButtonSelectedTest()'><b>mapLepOrCityRegionRadioButtonSelectedTest</b><br>Test class: com.wheretheworkis.qa.testcase.JobConcentrationPopupWindowTest</td>
<td></td>
<td>0</td>
<td>com.wheretheworkis.qa.testcase.JobConcentrationPopupWindowTest@46f5f779</td></tr>
<tr>
<td title='com.wheretheworkis.qa.testcase.JobConcentrationPopupWindowTest.mapLocationMouseHoverTest()'><b>mapLocationMouseHoverTest</b><br>Test class: com.wheretheworkis.qa.testcase.JobConcentrationPopupWindowTest</td>
<td></td>
<td>0</td>
<td>com.wheretheworkis.qa.testcase.JobConcentrationPopupWindowTest@46f5f779</td></tr>
<tr>
<td title='com.wheretheworkis.qa.testcase.JobConcentrationPopupWindowTest.mapNationOrRegionRadioButtonSelectedTest()'><b>mapNationOrRegionRadioButtonSelectedTest</b><br>Test class: com.wheretheworkis.qa.testcase.JobConcentrationPopupWindowTest</td>
<td></td>
<td>0</td>
<td>com.wheretheworkis.qa.testcase.JobConcentrationPopupWindowTest@46f5f779</td></tr>
<tr>
<td title='com.wheretheworkis.qa.testcase.MethodologyPageTest.methodologyCsvDataFilePresentTest()'><b>methodologyCsvDataFilePresentTest</b><br>Test class: com.wheretheworkis.qa.testcase.MethodologyPageTest</td>
<td></td>
<td>0</td>
<td>com.wheretheworkis.qa.testcase.MethodologyPageTest@24273305</td></tr>
<tr>
<td title='com.wheretheworkis.qa.testcase.MethodologyPageTest.methodologyDataDictionayFilePresentTest()'><b>methodologyDataDictionayFilePresentTest</b><br>Test class: com.wheretheworkis.qa.testcase.MethodologyPageTest</td>
<td></td>
<td>0</td>
<td>com.wheretheworkis.qa.testcase.MethodologyPageTest@24273305</td></tr>
<tr>
<td title='com.wheretheworkis.qa.testcase.OccupationPopupWindowTest.mouseHoverOnLineChartTest()'><b>mouseHoverOnLineChartTest</b><br>Test class: com.wheretheworkis.qa.testcase.OccupationPopupWindowTest</td>
<td></td>
<td>0</td>
<td>com.wheretheworkis.qa.testcase.OccupationPopupWindowTest@5b1d2887</td></tr>
<tr>
<td title='com.wheretheworkis.qa.testcase.OccupationPopupWindowTest.mouseHoverOnPieChartTest()'><b>mouseHoverOnPieChartTest</b><br>Test class: com.wheretheworkis.qa.testcase.OccupationPopupWindowTest</td>
<td></td>
<td>0</td>
<td>com.wheretheworkis.qa.testcase.OccupationPopupWindowTest@5b1d2887</td></tr>
<tr>
<td title='com.wheretheworkis.qa.testcase.JobConcentrationPopupWindowTest.occupationDetailMapPresentTest()'><b>occupationDetailMapPresentTest</b><br>Test class: com.wheretheworkis.qa.testcase.JobConcentrationPopupWindowTest</td>
<td></td>
<td>0</td>
<td>com.wheretheworkis.qa.testcase.JobConcentrationPopupWindowTest@46f5f779</td></tr>
<tr>
<td title='com.wheretheworkis.qa.testcase.JobConcentrationPopupWindowTest.occupationNamePresentTest()'><b>occupationNamePresentTest</b><br>Test class: com.wheretheworkis.qa.testcase.JobConcentrationPopupWindowTest</td>
<td></td>
<td>0</td>
<td>com.wheretheworkis.qa.testcase.JobConcentrationPopupWindowTest@46f5f779</td></tr>
<tr>
<td title='com.wheretheworkis.qa.testcase.OccupationPopupWindowTest.occupationPopupTitleTest()'><b>occupationPopupTitleTest</b><br>Test class: com.wheretheworkis.qa.testcase.OccupationPopupWindowTest</td>
<td></td>
<td>0</td>
<td>com.wheretheworkis.qa.testcase.OccupationPopupWindowTest@5b1d2887</td></tr>
<tr>
<td title='com.wheretheworkis.qa.testcase.OccupationPopupWindowTest.occupationProfilePieChartPresentTest()'><b>occupationProfilePieChartPresentTest</b><br>Test class: com.wheretheworkis.qa.testcase.OccupationPopupWindowTest</td>
<td></td>
<td>0</td>
<td>com.wheretheworkis.qa.testcase.OccupationPopupWindowTest@5b1d2887</td></tr>
<tr>
<td title='com.wheretheworkis.qa.testcase.OccupationPopupWindowTest.popupCloseButtonTest()'><b>popupCloseButtonTest</b><br>Test class: com.wheretheworkis.qa.testcase.OccupationPopupWindowTest</td>
<td></td>
<td>0</td>
<td>com.wheretheworkis.qa.testcase.OccupationPopupWindowTest@5b1d2887</td></tr>
<tr>
<td title='com.wheretheworkis.qa.testcase.OccupationPopupWindowTest.projectedLineChartPresentTest()'><b>projectedLineChartPresentTest</b><br>Test class: com.wheretheworkis.qa.testcase.OccupationPopupWindowTest</td>
<td></td>
<td>0</td>
<td>com.wheretheworkis.qa.testcase.OccupationPopupWindowTest@5b1d2887</td></tr>
</table><p>
<table width='100%' border='1' class='invocation-skipped'>
<tr><td colspan='4' align='center'><b>SKIPPED TESTS</b></td></tr>
<tr><td><b>Test method</b></td>
<td width="30%"><b>Exception</b></td>
<td width="10%"><b>Time (seconds)</b></td>
<td><b>Instance</b></td>
</tr>
<tr>
<td title='com.wheretheworkis.qa.testcase.HomePageTest.aboutLinkTextPresentTest()'><b>aboutLinkTextPresentTest</b><br>Test class: com.wheretheworkis.qa.testcase.HomePageTest</td>
<td></td>
<td>0</td>
<td>com.wheretheworkis.qa.testcase.HomePageTest@18e8568</td></tr>
<tr>
<td title='com.wheretheworkis.qa.testcase.ProspectsAcrossLocationsPageTest.backButtonTest()'><b>backButtonTest</b><br>Test class: com.wheretheworkis.qa.testcase.ProspectsAcrossLocationsPageTest</td>
<td></td>
<td>0</td>
<td>com.wheretheworkis.qa.testcase.ProspectsAcrossLocationsPageTest@1c2c22f3</td></tr>
<tr>
<td title='com.wheretheworkis.qa.testcase.HomePageTest.barChartDataClassificationTest()'><b>barChartDataClassificationTest</b><br>Test class: com.wheretheworkis.qa.testcase.HomePageTest</td>
<td></td>
<td>0</td>
<td>com.wheretheworkis.qa.testcase.HomePageTest@18e8568</td></tr>
<tr>
<td title='com.wheretheworkis.qa.testcase.HomePageTest.barChartFutherEducationLegentVisibilityTest()'><b>barChartFutherEducationLegentVisibilityTest</b><br>Test class: com.wheretheworkis.qa.testcase.HomePageTest</td>
<td></td>
<td>0</td>
<td>com.wheretheworkis.qa.testcase.HomePageTest@18e8568</td></tr>
<tr>
<td title='com.wheretheworkis.qa.testcase.HomePageTest.barChartHigherEducationLenegntVisibilityTest()'><b>barChartHigherEducationLenegntVisibilityTest</b><br>Test class: com.wheretheworkis.qa.testcase.HomePageTest</td>
<td></td>
<td>0</td>
<td>com.wheretheworkis.qa.testcase.HomePageTest@18e8568</td></tr>
<tr>
<td title='com.wheretheworkis.qa.testcase.HomePageTest.barChartJobOpeningToolTipTest()'><b>barChartJobOpeningToolTipTest</b><br>Test class: com.wheretheworkis.qa.testcase.HomePageTest</td>
<td></td>
<td>0</td>
<td>com.wheretheworkis.qa.testcase.HomePageTest@18e8568</td></tr>
<tr>
<td title='com.wheretheworkis.qa.testcase.HomePageTest.barChartMouseHoverOnOccupationTest()'><b>barChartMouseHoverOnOccupationTest</b><br>Test class: com.wheretheworkis.qa.testcase.HomePageTest</td>
<td></td>
<td>0</td>
<td>com.wheretheworkis.qa.testcase.HomePageTest@18e8568</td></tr>
<tr>
<td title='com.wheretheworkis.qa.testcase.HomePageTest.barChartPopupWindowOpenTest()'><b>barChartPopupWindowOpenTest</b><br>Test class: com.wheretheworkis.qa.testcase.HomePageTest</td>
<td></td>
<td>0</td>
<td>com.wheretheworkis.qa.testcase.HomePageTest@18e8568</td></tr>
<tr>
<td title='com.wheretheworkis.qa.testcase.HomePageTest.barChartSchoolLeaversLegentVisibilityTest()'><b>barChartSchoolLeaversLegentVisibilityTest</b><br>Test class: com.wheretheworkis.qa.testcase.HomePageTest</td>
<td></td>
<td>0</td>
<td>com.wheretheworkis.qa.testcase.HomePageTest@18e8568</td></tr>
<tr>
<td title='com.wheretheworkis.qa.testcase.HomePageTest.barChartTitleTest()'><b>barChartTitleTest</b><br>Test class: com.wheretheworkis.qa.testcase.HomePageTest</td>
<td></td>
<td>0</td>
<td>com.wheretheworkis.qa.testcase.HomePageTest@18e8568</td></tr>
<tr>
<td title='com.wheretheworkis.qa.testcase.HomePageTest.barChartToolTipTest()'><b>barChartToolTipTest</b><br>Test class: com.wheretheworkis.qa.testcase.HomePageTest</td>
<td></td>
<td>0</td>
<td>com.wheretheworkis.qa.testcase.HomePageTest@18e8568</td></tr>
<tr>
<td title='com.wheretheworkis.qa.testcase.HomePageTest.bubbleChartDataTest()'><b>bubbleChartDataTest</b><br>Test class: com.wheretheworkis.qa.testcase.HomePageTest</td>
<td></td>
<td>0</td>
<td>com.wheretheworkis.qa.testcase.HomePageTest@18e8568</td></tr>
<tr>
<td title='com.wheretheworkis.qa.testcase.HomePageTest.bubbleChartEducationDropDownMenuTest()'><b>bubbleChartEducationDropDownMenuTest</b><br>Test class: com.wheretheworkis.qa.testcase.HomePageTest</td>
<td></td>
<td>0</td>
<td>com.wheretheworkis.qa.testcase.HomePageTest@18e8568</td></tr>
<tr>
<td title='com.wheretheworkis.qa.testcase.HomePageTest.bubbleChartEducationDropDownToolTipTest()'><b>bubbleChartEducationDropDownToolTipTest</b><br>Test class: com.wheretheworkis.qa.testcase.HomePageTest</td>
<td></td>
<td>0</td>
<td>com.wheretheworkis.qa.testcase.HomePageTest@18e8568</td></tr>
<tr>
<td title='com.wheretheworkis.qa.testcase.HomePageTest.bubbleChartFootnotePresentTest()'><b>bubbleChartFootnotePresentTest</b><br>Test class: com.wheretheworkis.qa.testcase.HomePageTest</td>
<td></td>
<td>0</td>
<td>com.wheretheworkis.qa.testcase.HomePageTest@18e8568</td></tr>
<tr>
<td title='com.wheretheworkis.qa.testcase.HomePageTest.bubbleChartMouseHoverOnOccupationTest()'><b>bubbleChartMouseHoverOnOccupationTest</b><br>Test class: com.wheretheworkis.qa.testcase.HomePageTest</td>
<td></td>
<td>0</td>
<td>com.wheretheworkis.qa.testcase.HomePageTest@18e8568</td></tr>
<tr>
<td title='com.wheretheworkis.qa.testcase.HomePageTest.bubbleChartOpportunityToolTipTest()'><b>bubbleChartOpportunityToolTipTest</b><br>Test class: com.wheretheworkis.qa.testcase.HomePageTest</td>
<td></td>
<td>0</td>
<td>com.wheretheworkis.qa.testcase.HomePageTest@18e8568</td></tr>
<tr>
<td title='com.wheretheworkis.qa.testcase.HomePageTest.bubbleChartPopupWindowOpenTest()'><b>bubbleChartPopupWindowOpenTest</b><br>Test class: com.wheretheworkis.qa.testcase.HomePageTest</td>
<td></td>
<td>0</td>
<td>com.wheretheworkis.qa.testcase.HomePageTest@18e8568</td></tr>
<tr>
<td title='com.wheretheworkis.qa.testcase.HomePageTest.bubbleChartPresentTest()'><b>bubbleChartPresentTest</b><br>Test class: com.wheretheworkis.qa.testcase.HomePageTest</td>
<td></td>
<td>0</td>
<td>com.wheretheworkis.qa.testcase.HomePageTest@18e8568</td></tr>
<tr>
<td title='com.wheretheworkis.qa.testcase.HomePageTest.bubbleChartSalaryToolTipTest()'><b>bubbleChartSalaryToolTipTest</b><br>Test class: com.wheretheworkis.qa.testcase.HomePageTest</td>
<td></td>
<td>0</td>
<td>com.wheretheworkis.qa.testcase.HomePageTest@18e8568</td></tr>
<tr>
<td title='com.wheretheworkis.qa.testcase.HomePageTest.bubbleChartToolTipTest()'><b>bubbleChartToolTipTest</b><br>Test class: com.wheretheworkis.qa.testcase.HomePageTest</td>
<td></td>
<td>0</td>
<td>com.wheretheworkis.qa.testcase.HomePageTest@18e8568</td></tr>
<tr>
<td title='com.wheretheworkis.qa.testcase.HomePageTest.clickToHideBarChartLengentPresentTest()'><b>clickToHideBarChartLengentPresentTest</b><br>Test class: com.wheretheworkis.qa.testcase.HomePageTest</td>
<td></td>
<td>0</td>
<td>com.wheretheworkis.qa.testcase.HomePageTest@18e8568</td></tr>
<tr>
<td title='com.wheretheworkis.qa.testcase.HomePageTest.defaultLocationSeclectedTest()'><b>defaultLocationSeclectedTest</b><br>Test class: com.wheretheworkis.qa.testcase.HomePageTest</td>
<td></td>
<td>0</td>
<td>com.wheretheworkis.qa.testcase.HomePageTest@18e8568</td></tr>
<tr>
<td title='com.wheretheworkis.qa.testcase.ProspectsAcrossLocationsPageTest.dropDownDefaultSelectedOccupationTest()'><b>dropDownDefaultSelectedOccupationTest</b><br>Test class: com.wheretheworkis.qa.testcase.ProspectsAcrossLocationsPageTest</td>
<td></td>
<td>0</td>
<td>com.wheretheworkis.qa.testcase.ProspectsAcrossLocationsPageTest@1c2c22f3</td></tr>
<tr>
<td title='com.wheretheworkis.qa.testcase.HomePageTest.dropDownMenuLocationSelecableTest()'><b>dropDownMenuLocationSelecableTest</b><br>Test class: com.wheretheworkis.qa.testcase.HomePageTest</td>
<td></td>
<td>0</td>
<td>com.wheretheworkis.qa.testcase.HomePageTest@18e8568</td></tr>
<tr>
<td title='com.wheretheworkis.qa.testcase.HomePageTest.footerSectionLogoPresentTest()'><b>footerSectionLogoPresentTest</b><br>Test class: com.wheretheworkis.qa.testcase.HomePageTest</td>
<td></td>
<td>0</td>
<td>com.wheretheworkis.qa.testcase.HomePageTest@18e8568</td></tr>
<tr>
<td title='com.wheretheworkis.qa.testcase.HomePageTest.homePageHeaderSectionTest()'><b>homePageHeaderSectionTest</b><br>Test class: com.wheretheworkis.qa.testcase.HomePageTest</td>
<td></td>
<td>0</td>
<td>com.wheretheworkis.qa.testcase.HomePageTest@18e8568</td></tr>
<tr>
<td title='com.wheretheworkis.qa.testcase.HomePageTest.homePageLogoTest()'><b>homePageLogoTest</b><br>Test class: com.wheretheworkis.qa.testcase.HomePageTest</td>
<td></td>
<td>0</td>
<td>com.wheretheworkis.qa.testcase.HomePageTest@18e8568</td></tr>
<tr>
<td title='com.wheretheworkis.qa.testcase.HomePageTest.homePageTitleTest()'><b>homePageTitleTest</b><br>Test class: com.wheretheworkis.qa.testcase.HomePageTest</td>
<td></td>
<td>0</td>
<td>com.wheretheworkis.qa.testcase.HomePageTest@18e8568</td></tr>
<tr>
<td title='com.wheretheworkis.qa.testcase.ProspectsAcrossLocationsPageTest.jobConcentrationMapButtonPresentTest()'><b>jobConcentrationMapButtonPresentTest</b><br>Test class: com.wheretheworkis.qa.testcase.ProspectsAcrossLocationsPageTest</td>
<td></td>
<td>0</td>
<td>com.wheretheworkis.qa.testcase.ProspectsAcrossLocationsPageTest@1c2c22f3</td></tr>
<tr>
<td title='com.wheretheworkis.qa.testcase.ProspectsAcrossLocationsPageTest.jobConcentrationMapPopupPresentTest()'><b>jobConcentrationMapPopupPresentTest</b><br>Test class: com.wheretheworkis.qa.testcase.ProspectsAcrossLocationsPageTest</td>
<td></td>
<td>0</td>
<td>com.wheretheworkis.qa.testcase.ProspectsAcrossLocationsPageTest@1c2c22f3</td></tr>
<tr>
<td title='com.wheretheworkis.qa.testcase.ProspectsAcrossLocationsPageTest.lepareaOrCityRegionRadioButtonTest()'><b>lepareaOrCityRegionRadioButtonTest</b><br>Test class: com.wheretheworkis.qa.testcase.ProspectsAcrossLocationsPageTest</td>
<td></td>
<td>0</td>
<td>com.wheretheworkis.qa.testcase.ProspectsAcrossLocationsPageTest@1c2c22f3</td></tr>
<tr>
<td title='com.wheretheworkis.qa.testcase.HomePageTest.methodologyPageLinkTextPresentTest()'><b>methodologyPageLinkTextPresentTest</b><br>Test class: com.wheretheworkis.qa.testcase.HomePageTest</td>
<td></td>
<td>0</td>
<td>com.wheretheworkis.qa.testcase.HomePageTest@18e8568</td></tr>
<tr>
<td title='com.wheretheworkis.qa.testcase.HomePageTest.mouseClickBarChartOccupationGroupTest()'><b>mouseClickBarChartOccupationGroupTest</b><br>Test class: com.wheretheworkis.qa.testcase.HomePageTest</td>
<td></td>
<td>0</td>
<td>com.wheretheworkis.qa.testcase.HomePageTest@18e8568</td></tr>
<tr>
<td title='com.wheretheworkis.qa.testcase.HomePageTest.mouseClickOnOccupationGroupDashboardTest()'><b>mouseClickOnOccupationGroupDashboardTest</b><br>Test class: com.wheretheworkis.qa.testcase.HomePageTest</td>
<td></td>
<td>0</td>
<td>com.wheretheworkis.qa.testcase.HomePageTest@18e8568</td></tr>
<tr>
<td title='com.wheretheworkis.qa.testcase.HomePageTest.mouseHoverOnBarChartOccupationGroupsTest()'><b>mouseHoverOnBarChartOccupationGroupsTest</b><br>Test class: com.wheretheworkis.qa.testcase.HomePageTest</td>
<td></td>
<td>0</td>
<td>com.wheretheworkis.qa.testcase.HomePageTest@18e8568</td></tr>
<tr>
<td title='com.wheretheworkis.qa.testcase.HomePageTest.mouseHoverOnBubbleChartOccupationGroupsTest()'><b>mouseHoverOnBubbleChartOccupationGroupsTest</b><br>Test class: com.wheretheworkis.qa.testcase.HomePageTest</td>
<td></td>
<td>0</td>
<td>com.wheretheworkis.qa.testcase.HomePageTest@18e8568</td></tr>
<tr>
<td title='com.wheretheworkis.qa.testcase.HomePageTest.mouseHoverOnDashboardOccupationGroupsTest()'><b>mouseHoverOnDashboardOccupationGroupsTest</b><br>Test class: com.wheretheworkis.qa.testcase.HomePageTest</td>
<td></td>
<td>0</td>
<td>com.wheretheworkis.qa.testcase.HomePageTest@18e8568</td></tr>
<tr>
<td title='com.wheretheworkis.qa.testcase.ProspectsAcrossLocationsPageTest.nationOrRegionRadioButtonTest()'><b>nationOrRegionRadioButtonTest</b><br>Test class: com.wheretheworkis.qa.testcase.ProspectsAcrossLocationsPageTest</td>
<td></td>
<td>0</td>
<td>com.wheretheworkis.qa.testcase.ProspectsAcrossLocationsPageTest@1c2c22f3</td></tr>
<tr>
<td title='com.wheretheworkis.qa.testcase.HomePageTest.occupationGroupsBarChartAxisPresentTest()'><b>occupationGroupsBarChartAxisPresentTest</b><br>Test class: com.wheretheworkis.qa.testcase.HomePageTest</td>
<td></td>
<td>0</td>
<td>com.wheretheworkis.qa.testcase.HomePageTest@18e8568</td></tr>
<tr>
<td title='com.wheretheworkis.qa.testcase.HomePageTest.occupationGroupsBarChartHelperPresentTest()'><b>occupationGroupsBarChartHelperPresentTest</b><br>Test class: com.wheretheworkis.qa.testcase.HomePageTest</td>
<td></td>
<td>0</td>
<td>com.wheretheworkis.qa.testcase.HomePageTest@18e8568</td></tr>
<tr>
<td title='com.wheretheworkis.qa.testcase.HomePageTest.occupationGroupsDashboardHelperPresentTest()'><b>occupationGroupsDashboardHelperPresentTest</b><br>Test class: com.wheretheworkis.qa.testcase.HomePageTest</td>
<td></td>
<td>0</td>
<td>com.wheretheworkis.qa.testcase.HomePageTest@18e8568</td></tr>
<tr>
<td title='com.wheretheworkis.qa.testcase.HomePageTest.occupationGroupsInformationPresentTest()'><b>occupationGroupsInformationPresentTest</b><br>Test class: com.wheretheworkis.qa.testcase.HomePageTest</td>
<td></td>
<td>0</td>
<td>com.wheretheworkis.qa.testcase.HomePageTest@18e8568</td></tr>
<tr>
<td title='com.wheretheworkis.qa.testcase.ProspectsAcrossLocationsPageTest.occupationTablePresentTest()'><b>occupationTablePresentTest</b><br>Test class: com.wheretheworkis.qa.testcase.ProspectsAcrossLocationsPageTest</td>
<td></td>
<td>0</td>
<td>com.wheretheworkis.qa.testcase.ProspectsAcrossLocationsPageTest@1c2c22f3</td></tr>
<tr>
<td title='com.wheretheworkis.qa.testcase.HomePageTest.relatedResearchPageLinkTextPresentTest()'><b>relatedResearchPageLinkTextPresentTest</b><br>Test class: com.wheretheworkis.qa.testcase.HomePageTest</td>
<td></td>
<td>0</td>
<td>com.wheretheworkis.qa.testcase.HomePageTest@18e8568</td></tr>
<tr>
<td title='com.wheretheworkis.qa.testcase.HomePageTest.showallButtonFunctionTest()'><b>showallButtonFunctionTest</b><br>Test class: com.wheretheworkis.qa.testcase.HomePageTest</td>
<td></td>
<td>0</td>
<td>com.wheretheworkis.qa.testcase.HomePageTest@18e8568</td></tr>
<tr>
<td title='com.wheretheworkis.qa.testcase.HomePageTest.showallButtonPresentTest()'><b>showallButtonPresentTest</b><br>Test class: com.wheretheworkis.qa.testcase.HomePageTest</td>
<td></td>
<td>0</td>
<td>com.wheretheworkis.qa.testcase.HomePageTest@18e8568</td></tr>
<tr>
<td title='com.wheretheworkis.qa.testcase.HomePageTest.whatcanthistoolshowPageLinkTextPresentTest()'><b>whatcanthistoolshowPageLinkTextPresentTest</b><br>Test class: com.wheretheworkis.qa.testcase.HomePageTest</td>
<td></td>
<td>0</td>
<td>com.wheretheworkis.qa.testcase.HomePageTest@18e8568</td></tr>
</table><p>
</body>
</html>