<html>
<head>
<title>TestNG:  Command line test</title>
<link href="../testng.css" rel="stylesheet" type="text/css" />
<link href="../my-testng.css" rel="stylesheet" type="text/css" />

<style type="text/css">
.log { display: none;} 
.stack-trace { display: none;} 
</style>
<script type="text/javascript">
<!--
function flip(e) {
  current = e.style.display;
  if (current == 'block') {
    e.style.display = 'none';
    return 0;
  }
  else {
    e.style.display = 'block';
    return 1;
  }
}

function toggleBox(szDivId, elem, msg1, msg2)
{
  var res = -1;  if (document.getElementById) {
    res = flip(document.getElementById(szDivId));
  }
  else if (document.all) {
    // this is the way old msie versions work
    res = flip(document.all[szDivId]);
  }
  if(elem) {
    if(res == 0) elem.innerHTML = msg1; else elem.innerHTML = msg2;
  }

}

function toggleAllBoxes() {
  if (document.getElementsByTagName) {
    d = document.getElementsByTagName('div');
    for (i = 0; i < d.length; i++) {
      if (d[i].className == 'log') {
        flip(d[i]);
      }
    }
  }
}

// -->
</script>

</head>
<body>
<h2 align='center'>Command line test</h2><table border='1' align="center">
<tr>
<td>Tests passed/Failed/Skipped:</td><td>24/3/0</td>
</tr><tr>
<td>Started on:</td><td>Sun Apr 12 17:18:27 IST 2020</td>
</tr>
<tr><td>Total time:</td><td>265 seconds (265451 ms)</td>
</tr><tr>
<td>Included groups:</td><td></td>
</tr><tr>
<td>Excluded groups:</td><td></td>
</tr>
</table><p/>
<small><i>(Hover the method name to see the test class name)</i></small><p/>
<table width='100%' border='1' class='invocation-failed'>
<tr><td colspan='4' align='center'><b>FAILED TESTS</b></td></tr>
<tr><td><b>Test method</b></td>
<td width="30%"><b>Exception</b></td>
<td width="10%"><b>Time (seconds)</b></td>
<td><b>Instance</b></td>
</tr>
<tr>
<td title='com.wheretheworkis.qa.testcase.ProspectsAcrossLocationsPageTest.jobConcentrationMapPopupPresentTest()'><b>jobConcentrationMapPopupPresentTest</b><br>Test class: com.wheretheworkis.qa.testcase.ProspectsAcrossLocationsPageTest</td>
<td><div><pre>org.openqa.selenium.NoSuchSessionException: Session ID is null. Using WebDriver after calling quit()?
Build info: version: &apos;3.141.59&apos;, revision: &apos;e82be7d358&apos;, time: &apos;2018-11-14T08:17:03&apos;
System info: host: &apos;DURAI-LT&apos;, ip: &apos;192.168.43.40&apos;, os.name: &apos;Windows 8.1&apos;, os.arch: &apos;amd64&apos;, os.version: &apos;6.3&apos;, java.version: &apos;1.8.0_11&apos;
Driver info: driver.version: RemoteWebDriver
	at org.openqa.selenium.remote.HttpCommandExecutor.execute(HttpCommandExecutor.java:125)
	at org.openqa.selenium.remote.service.DriverCommandExecutor.execute(DriverCommandExecutor.java:83)
	at org.openqa.selenium.remote.RemoteWebDriver.execute(RemoteWebDriver.java:552)
	at org.openqa.selenium.remote.RemoteWebDriver.findElement(RemoteWebDriver.java:323)
	at org.openqa.selenium.remote.RemoteWebDriver.findElementByCssSelector(RemoteWebDriver.java:420)
	at org.openqa.selenium.By$ByCssSelector.findElement(By.java:431)
	at org.openqa.selenium.remote.RemoteWebDriver.findElement(RemoteWebDriver.java:315)
	at org.openqa.selenium.support.pagefactory.DefaultElementLocator.findElement(DefaultElementLocator.java:69)
	at org.openqa.selenium.support.pagefactory.internal.LocatingElementHandler.invoke(LocatingElementHandler.java:38)
	at com.sun.proxy.$Proxy7.click(Unknown Source)
	at com.wheretheworkis.qa.pages.ProspectsAcrossLocationsPage.validateJobConcentartionMapPopup(ProspectsAcrossLocationsPage.java:71)
	at com.wheretheworkis.qa.testcase.ProspectsAcrossLocationsPageTest.jobConcentrationMapPopupPresentTest(ProspectsAcrossLocationsPageTest.java:68)
	at com.wheretheworkis.qa.testcase.TestRunner.main(TestRunner.java:26)
... Removed 21 stack frames</pre></div><a href='#' onClick='toggleBox("stack-trace456785282", this, "Click to show all stack frames", "Click to hide stack frames")'>Click to show all stack frames</a>
<div class='stack-trace' id='stack-trace456785282'><pre>org.openqa.selenium.NoSuchSessionException: Session ID is null. Using WebDriver after calling quit()?
Build info: version: &apos;3.141.59&apos;, revision: &apos;e82be7d358&apos;, time: &apos;2018-11-14T08:17:03&apos;
System info: host: &apos;DURAI-LT&apos;, ip: &apos;192.168.43.40&apos;, os.name: &apos;Windows 8.1&apos;, os.arch: &apos;amd64&apos;, os.version: &apos;6.3&apos;, java.version: &apos;1.8.0_11&apos;
Driver info: driver.version: RemoteWebDriver
	at org.openqa.selenium.remote.HttpCommandExecutor.execute(HttpCommandExecutor.java:125)
	at org.openqa.selenium.remote.service.DriverCommandExecutor.execute(DriverCommandExecutor.java:83)
	at org.openqa.selenium.remote.RemoteWebDriver.execute(RemoteWebDriver.java:552)
	at org.openqa.selenium.remote.RemoteWebDriver.findElement(RemoteWebDriver.java:323)
	at org.openqa.selenium.remote.RemoteWebDriver.findElementByCssSelector(RemoteWebDriver.java:420)
	at org.openqa.selenium.By$ByCssSelector.findElement(By.java:431)
	at org.openqa.selenium.remote.RemoteWebDriver.findElement(RemoteWebDriver.java:315)
	at org.openqa.selenium.support.pagefactory.DefaultElementLocator.findElement(DefaultElementLocator.java:69)
	at org.openqa.selenium.support.pagefactory.internal.LocatingElementHandler.invoke(LocatingElementHandler.java:38)
	at com.sun.proxy.$Proxy7.click(Unknown Source)
	at com.wheretheworkis.qa.pages.ProspectsAcrossLocationsPage.validateJobConcentartionMapPopup(ProspectsAcrossLocationsPage.java:71)
	at com.wheretheworkis.qa.testcase.ProspectsAcrossLocationsPageTest.jobConcentrationMapPopupPresentTest(ProspectsAcrossLocationsPageTest.java:68)
	at sun.reflect.NativeMethodAccessorImpl.invoke0(Native Method)
	at sun.reflect.NativeMethodAccessorImpl.invoke(NativeMethodAccessorImpl.java:62)
	at sun.reflect.DelegatingMethodAccessorImpl.invoke(DelegatingMethodAccessorImpl.java:43)
	at java.lang.reflect.Method.invoke(Method.java:483)
	at org.testng.internal.MethodInvocationHelper.invokeMethod(MethodInvocationHelper.java:80)
	at org.testng.internal.Invoker.invokeMethod(Invoker.java:714)
	at org.testng.internal.Invoker.invokeTestMethod(Invoker.java:901)
	at org.testng.internal.Invoker.invokeTestMethods(Invoker.java:1231)
	at org.testng.internal.TestMethodWorker.invokeTestMethods(TestMethodWorker.java:127)
	at org.testng.internal.TestMethodWorker.run(TestMethodWorker.java:111)
	at org.testng.TestRunner.privateRun(TestRunner.java:767)
	at org.testng.TestRunner.run(TestRunner.java:617)
	at org.testng.SuiteRunner.runTest(SuiteRunner.java:334)
	at org.testng.SuiteRunner.runSequentially(SuiteRunner.java:329)
	at org.testng.SuiteRunner.privateRun(SuiteRunner.java:291)
	at org.testng.SuiteRunner.run(SuiteRunner.java:240)
	at org.testng.SuiteRunnerWorker.runSuite(SuiteRunnerWorker.java:52)
	at org.testng.SuiteRunnerWorker.run(SuiteRunnerWorker.java:86)
	at org.testng.TestNG.runSuitesSequentially(TestNG.java:1198)
	at org.testng.TestNG.runSuitesLocally(TestNG.java:1123)
	at org.testng.TestNG.run(TestNG.java:1031)
	at com.wheretheworkis.qa.testcase.TestRunner.main(TestRunner.java:26)
</pre></div></td>
<td>0</td>
<td>com.wheretheworkis.qa.testcase.ProspectsAcrossLocationsPageTest@3f102e87</td></tr>
<tr>
<td title='com.wheretheworkis.qa.testcase.ProspectsAcrossLocationsPageTest.jobConcentrationMapPopupPresentTest()'><b>jobConcentrationMapPopupPresentTest</b><br>Test class: com.wheretheworkis.qa.testcase.ProspectsAcrossLocationsPageTest</td>
<td><div><pre>org.openqa.selenium.NoSuchSessionException: Session ID is null. Using WebDriver after calling quit()?
Build info: version: &apos;3.141.59&apos;, revision: &apos;e82be7d358&apos;, time: &apos;2018-11-14T08:17:03&apos;
System info: host: &apos;DURAI-LT&apos;, ip: &apos;192.168.43.40&apos;, os.name: &apos;Windows 8.1&apos;, os.arch: &apos;amd64&apos;, os.version: &apos;6.3&apos;, java.version: &apos;1.8.0_11&apos;
Driver info: driver.version: RemoteWebDriver
	at org.openqa.selenium.remote.HttpCommandExecutor.execute(HttpCommandExecutor.java:125)
	at org.openqa.selenium.remote.service.DriverCommandExecutor.execute(DriverCommandExecutor.java:83)
	at org.openqa.selenium.remote.RemoteWebDriver.execute(RemoteWebDriver.java:552)
	at org.openqa.selenium.remote.RemoteWebDriver.execute(RemoteWebDriver.java:609)
	at org.openqa.selenium.remote.RemoteWebDriver.getScreenshotAs(RemoteWebDriver.java:295)
	at com.wheretheworkis.qa.listeners.ScreenshotListener.onTestFailure(ScreenshotListener.java:24)
	at com.wheretheworkis.qa.testcase.TestRunner.main(TestRunner.java:26)
... Removed 18 stack frames</pre></div><a href='#' onClick='toggleBox("stack-trace560465923", this, "Click to show all stack frames", "Click to hide stack frames")'>Click to show all stack frames</a>
<div class='stack-trace' id='stack-trace560465923'><pre>org.openqa.selenium.NoSuchSessionException: Session ID is null. Using WebDriver after calling quit()?
Build info: version: &apos;3.141.59&apos;, revision: &apos;e82be7d358&apos;, time: &apos;2018-11-14T08:17:03&apos;
System info: host: &apos;DURAI-LT&apos;, ip: &apos;192.168.43.40&apos;, os.name: &apos;Windows 8.1&apos;, os.arch: &apos;amd64&apos;, os.version: &apos;6.3&apos;, java.version: &apos;1.8.0_11&apos;
Driver info: driver.version: RemoteWebDriver
	at org.openqa.selenium.remote.HttpCommandExecutor.execute(HttpCommandExecutor.java:125)
	at org.openqa.selenium.remote.service.DriverCommandExecutor.execute(DriverCommandExecutor.java:83)
	at org.openqa.selenium.remote.RemoteWebDriver.execute(RemoteWebDriver.java:552)
	at org.openqa.selenium.remote.RemoteWebDriver.execute(RemoteWebDriver.java:609)
	at org.openqa.selenium.remote.RemoteWebDriver.getScreenshotAs(RemoteWebDriver.java:295)
	at com.wheretheworkis.qa.listeners.ScreenshotListener.onTestFailure(ScreenshotListener.java:24)
	at org.testng.internal.Invoker.runTestListeners(Invoker.java:1895)
	at org.testng.internal.Invoker.runTestListeners(Invoker.java:1879)
	at org.testng.internal.Invoker.invokeMethod(Invoker.java:778)
	at org.testng.internal.Invoker.invokeTestMethod(Invoker.java:901)
	at org.testng.internal.Invoker.invokeTestMethods(Invoker.java:1231)
	at org.testng.internal.TestMethodWorker.invokeTestMethods(TestMethodWorker.java:127)
	at org.testng.internal.TestMethodWorker.run(TestMethodWorker.java:111)
	at org.testng.TestRunner.privateRun(TestRunner.java:767)
	at org.testng.TestRunner.run(TestRunner.java:617)
	at org.testng.SuiteRunner.runTest(SuiteRunner.java:334)
	at org.testng.SuiteRunner.runSequentially(SuiteRunner.java:329)
	at org.testng.SuiteRunner.privateRun(SuiteRunner.java:291)
	at org.testng.SuiteRunner.run(SuiteRunner.java:240)
	at org.testng.SuiteRunnerWorker.runSuite(SuiteRunnerWorker.java:52)
	at org.testng.SuiteRunnerWorker.run(SuiteRunnerWorker.java:86)
	at org.testng.TestNG.runSuitesSequentially(TestNG.java:1198)
	at org.testng.TestNG.runSuitesLocally(TestNG.java:1123)
	at org.testng.TestNG.run(TestNG.java:1031)
	at com.wheretheworkis.qa.testcase.TestRunner.main(TestRunner.java:26)
</pre></div></td>
<td>0</td>
<td>com.wheretheworkis.qa.testcase.ProspectsAcrossLocationsPageTest@3f102e87</td></tr>
<tr>
<td title='com.wheretheworkis.qa.testcase.JobConcentrationPopupWindowTest.mapLocationMouseHoverTest()'><b>mapLocationMouseHoverTest</b><br>Test class: com.wheretheworkis.qa.testcase.JobConcentrationPopupWindowTest</td>
<td><div><pre>org.openqa.selenium.StaleElementReferenceException: stale element reference: element is not attached to the page document
  (Session info: chrome=80.0.3987.163)
For documentation on this error, please visit: https://www.seleniumhq.org/exceptions/stale_element_reference.html
Build info: version: &apos;3.141.59&apos;, revision: &apos;e82be7d358&apos;, time: &apos;2018-11-14T08:17:03&apos;
System info: host: &apos;DURAI-LT&apos;, ip: &apos;192.168.43.40&apos;, os.name: &apos;Windows 8.1&apos;, os.arch: &apos;amd64&apos;, os.version: &apos;6.3&apos;, java.version: &apos;1.8.0_11&apos;
Driver info: org.openqa.selenium.chrome.ChromeDriver
Capabilities {acceptInsecureCerts: false, browserName: chrome, browserVersion: 80.0.3987.163, chrome: {chromedriverVersion: 80.0.3987.106 (f68069574609..., userDataDir: C:\Users\DVENKA~1\AppData\L...}, goog:chromeOptions: {debuggerAddress: localhost:55609}, javascriptEnabled: true, networkConnectionEnabled: false, pageLoadStrategy: eager, platform: WINDOWS, platformName: WINDOWS, proxy: Proxy(), setWindowRect: true, strictFileInteractability: false, timeouts: {implicit: 0, pageLoad: 300000, script: 30000}, unhandledPromptBehavior: dismiss and notify}
Session ID: 046088fbb4c8b39e2f7bb6617f871930
	at org.openqa.selenium.remote.http.W3CHttpResponseCodec.createException(W3CHttpResponseCodec.java:187)
	at org.openqa.selenium.remote.http.W3CHttpResponseCodec.decode(W3CHttpResponseCodec.java:122)
	at org.openqa.selenium.remote.http.W3CHttpResponseCodec.decode(W3CHttpResponseCodec.java:49)
	at org.openqa.selenium.remote.HttpCommandExecutor.execute(HttpCommandExecutor.java:158)
	at org.openqa.selenium.remote.service.DriverCommandExecutor.execute(DriverCommandExecutor.java:83)
	at org.openqa.selenium.remote.RemoteWebDriver.execute(RemoteWebDriver.java:552)
	at org.openqa.selenium.remote.RemoteWebDriver.perform(RemoteWebDriver.java:618)
	at org.openqa.selenium.interactions.Actions$BuiltAction.perform(Actions.java:639)
	at com.wheretheworkis.qa.util.TestUtil.mouseHoverOnElement(TestUtil.java:38)
	at com.wheretheworkis.qa.pages.JobConcentrationPopupWindow.validateMouseHoverOnMapLocation(JobConcentrationPopupWindow.java:70)
	at com.wheretheworkis.qa.testcase.JobConcentrationPopupWindowTest.mapLocationMouseHoverTest(JobConcentrationPopupWindowTest.java:72)
	at com.wheretheworkis.qa.testcase.TestRunner.main(TestRunner.java:26)
... Removed 25 stack frames</pre></div><a href='#' onClick='toggleBox("stack-trace1848886161", this, "Click to show all stack frames", "Click to hide stack frames")'>Click to show all stack frames</a>
<div class='stack-trace' id='stack-trace1848886161'><pre>org.openqa.selenium.StaleElementReferenceException: stale element reference: element is not attached to the page document
  (Session info: chrome=80.0.3987.163)
For documentation on this error, please visit: https://www.seleniumhq.org/exceptions/stale_element_reference.html
Build info: version: &apos;3.141.59&apos;, revision: &apos;e82be7d358&apos;, time: &apos;2018-11-14T08:17:03&apos;
System info: host: &apos;DURAI-LT&apos;, ip: &apos;192.168.43.40&apos;, os.name: &apos;Windows 8.1&apos;, os.arch: &apos;amd64&apos;, os.version: &apos;6.3&apos;, java.version: &apos;1.8.0_11&apos;
Driver info: org.openqa.selenium.chrome.ChromeDriver
Capabilities {acceptInsecureCerts: false, browserName: chrome, browserVersion: 80.0.3987.163, chrome: {chromedriverVersion: 80.0.3987.106 (f68069574609..., userDataDir: C:\Users\DVENKA~1\AppData\L...}, goog:chromeOptions: {debuggerAddress: localhost:55609}, javascriptEnabled: true, networkConnectionEnabled: false, pageLoadStrategy: eager, platform: WINDOWS, platformName: WINDOWS, proxy: Proxy(), setWindowRect: true, strictFileInteractability: false, timeouts: {implicit: 0, pageLoad: 300000, script: 30000}, unhandledPromptBehavior: dismiss and notify}
Session ID: 046088fbb4c8b39e2f7bb6617f871930
	at sun.reflect.NativeConstructorAccessorImpl.newInstance0(Native Method)
	at sun.reflect.NativeConstructorAccessorImpl.newInstance(NativeConstructorAccessorImpl.java:62)
	at sun.reflect.DelegatingConstructorAccessorImpl.newInstance(DelegatingConstructorAccessorImpl.java:45)
	at java.lang.reflect.Constructor.newInstance(Constructor.java:408)
	at org.openqa.selenium.remote.http.W3CHttpResponseCodec.createException(W3CHttpResponseCodec.java:187)
	at org.openqa.selenium.remote.http.W3CHttpResponseCodec.decode(W3CHttpResponseCodec.java:122)
	at org.openqa.selenium.remote.http.W3CHttpResponseCodec.decode(W3CHttpResponseCodec.java:49)
	at org.openqa.selenium.remote.HttpCommandExecutor.execute(HttpCommandExecutor.java:158)
	at org.openqa.selenium.remote.service.DriverCommandExecutor.execute(DriverCommandExecutor.java:83)
	at org.openqa.selenium.remote.RemoteWebDriver.execute(RemoteWebDriver.java:552)
	at org.openqa.selenium.remote.RemoteWebDriver.perform(RemoteWebDriver.java:618)
	at org.openqa.selenium.interactions.Actions$BuiltAction.perform(Actions.java:639)
	at com.wheretheworkis.qa.util.TestUtil.mouseHoverOnElement(TestUtil.java:38)
	at com.wheretheworkis.qa.pages.JobConcentrationPopupWindow.validateMouseHoverOnMapLocation(JobConcentrationPopupWindow.java:70)
	at com.wheretheworkis.qa.testcase.JobConcentrationPopupWindowTest.mapLocationMouseHoverTest(JobConcentrationPopupWindowTest.java:72)
	at sun.reflect.NativeMethodAccessorImpl.invoke0(Native Method)
	at sun.reflect.NativeMethodAccessorImpl.invoke(NativeMethodAccessorImpl.java:62)
	at sun.reflect.DelegatingMethodAccessorImpl.invoke(DelegatingMethodAccessorImpl.java:43)
	at java.lang.reflect.Method.invoke(Method.java:483)
	at org.testng.internal.MethodInvocationHelper.invokeMethod(MethodInvocationHelper.java:80)
	at org.testng.internal.Invoker.invokeMethod(Invoker.java:714)
	at org.testng.internal.Invoker.invokeTestMethod(Invoker.java:901)
	at org.testng.internal.Invoker.invokeTestMethods(Invoker.java:1231)
	at org.testng.internal.TestMethodWorker.invokeTestMethods(TestMethodWorker.java:127)
	at org.testng.internal.TestMethodWorker.run(TestMethodWorker.java:111)
	at org.testng.TestRunner.privateRun(TestRunner.java:767)
	at org.testng.TestRunner.run(TestRunner.java:617)
	at org.testng.SuiteRunner.runTest(SuiteRunner.java:334)
	at org.testng.SuiteRunner.runSequentially(SuiteRunner.java:329)
	at org.testng.SuiteRunner.privateRun(SuiteRunner.java:291)
	at org.testng.SuiteRunner.run(SuiteRunner.java:240)
	at org.testng.SuiteRunnerWorker.runSuite(SuiteRunnerWorker.java:52)
	at org.testng.SuiteRunnerWorker.run(SuiteRunnerWorker.java:86)
	at org.testng.TestNG.runSuitesSequentially(TestNG.java:1198)
	at org.testng.TestNG.runSuitesLocally(TestNG.java:1123)
	at org.testng.TestNG.run(TestNG.java:1031)
	at com.wheretheworkis.qa.testcase.TestRunner.main(TestRunner.java:26)
</pre></div></td>
<td>0</td>
<td>com.wheretheworkis.qa.testcase.JobConcentrationPopupWindowTest@5ecddf8f</td></tr>
<tr>
<td title='com.wheretheworkis.qa.testcase.OccupationPopupWindowTest.mouseHoverOnLineChartTest()'><b>mouseHoverOnLineChartTest</b><br>Test class: com.wheretheworkis.qa.testcase.OccupationPopupWindowTest</td>
<td><div><pre>org.openqa.selenium.NoSuchElementException: no such element: Unable to locate element: {&quot;method&quot;:&quot;css selector&quot;,&quot;selector&quot;:&quot;#highcharts-32 &gt; svg &gt; g.highcharts-series-group &gt; g.highcharts-markers.highcharts-series-0.highcharts-tracker &gt; path:nth-child(1)&quot;}
  (Session info: chrome=80.0.3987.163)
For documentation on this error, please visit: https://www.seleniumhq.org/exceptions/no_such_element.html
Build info: version: &apos;3.141.59&apos;, revision: &apos;e82be7d358&apos;, time: &apos;2018-11-14T08:17:03&apos;
System info: host: &apos;DURAI-LT&apos;, ip: &apos;192.168.43.40&apos;, os.name: &apos;Windows 8.1&apos;, os.arch: &apos;amd64&apos;, os.version: &apos;6.3&apos;, java.version: &apos;1.8.0_11&apos;
Driver info: org.openqa.selenium.chrome.ChromeDriver
Capabilities {acceptInsecureCerts: false, browserName: chrome, browserVersion: 80.0.3987.163, chrome: {chromedriverVersion: 80.0.3987.106 (f68069574609..., userDataDir: C:\Users\DVENKA~1\AppData\L...}, goog:chromeOptions: {debuggerAddress: localhost:55609}, javascriptEnabled: true, networkConnectionEnabled: false, pageLoadStrategy: eager, platform: WINDOWS, platformName: WINDOWS, proxy: Proxy(), setWindowRect: true, strictFileInteractability: false, timeouts: {implicit: 0, pageLoad: 300000, script: 30000}, unhandledPromptBehavior: dismiss and notify}
Session ID: 046088fbb4c8b39e2f7bb6617f871930
*** Element info: {Using=css selector, value=#highcharts-32 &gt; svg &gt; g.highcharts-series-group &gt; g.highcharts-markers.highcharts-series-0.highcharts-tracker &gt; path:nth-child(1)}
	at org.openqa.selenium.remote.http.W3CHttpResponseCodec.createException(W3CHttpResponseCodec.java:187)
	at org.openqa.selenium.remote.http.W3CHttpResponseCodec.decode(W3CHttpResponseCodec.java:122)
	at org.openqa.selenium.remote.http.W3CHttpResponseCodec.decode(W3CHttpResponseCodec.java:49)
	at org.openqa.selenium.remote.HttpCommandExecutor.execute(HttpCommandExecutor.java:158)
	at org.openqa.selenium.remote.service.DriverCommandExecutor.execute(DriverCommandExecutor.java:83)
	at org.openqa.selenium.remote.RemoteWebDriver.execute(RemoteWebDriver.java:552)
	at org.openqa.selenium.remote.RemoteWebDriver.findElement(RemoteWebDriver.java:323)
	at org.openqa.selenium.remote.RemoteWebDriver.findElementByCssSelector(RemoteWebDriver.java:420)
	at org.openqa.selenium.By$ByCssSelector.findElement(By.java:431)
	at org.openqa.selenium.remote.RemoteWebDriver.findElement(RemoteWebDriver.java:315)
	at com.wheretheworkis.qa.pages.OccupationPopupWindow.getChartsElement(OccupationPopupWindow.java:84)
	at com.wheretheworkis.qa.pages.OccupationPopupWindow.validateMouseHoverLineChart(OccupationPopupWindow.java:66)
	at com.wheretheworkis.qa.testcase.OccupationPopupWindowTest.mouseHoverOnLineChartTest(OccupationPopupWindowTest.java:58)
	at com.wheretheworkis.qa.testcase.TestRunner.main(TestRunner.java:26)
... Removed 25 stack frames</pre></div><a href='#' onClick='toggleBox("stack-trace443491171", this, "Click to show all stack frames", "Click to hide stack frames")'>Click to show all stack frames</a>
<div class='stack-trace' id='stack-trace443491171'><pre>org.openqa.selenium.NoSuchElementException: no such element: Unable to locate element: {&quot;method&quot;:&quot;css selector&quot;,&quot;selector&quot;:&quot;#highcharts-32 &gt; svg &gt; g.highcharts-series-group &gt; g.highcharts-markers.highcharts-series-0.highcharts-tracker &gt; path:nth-child(1)&quot;}
  (Session info: chrome=80.0.3987.163)
For documentation on this error, please visit: https://www.seleniumhq.org/exceptions/no_such_element.html
Build info: version: &apos;3.141.59&apos;, revision: &apos;e82be7d358&apos;, time: &apos;2018-11-14T08:17:03&apos;
System info: host: &apos;DURAI-LT&apos;, ip: &apos;192.168.43.40&apos;, os.name: &apos;Windows 8.1&apos;, os.arch: &apos;amd64&apos;, os.version: &apos;6.3&apos;, java.version: &apos;1.8.0_11&apos;
Driver info: org.openqa.selenium.chrome.ChromeDriver
Capabilities {acceptInsecureCerts: false, browserName: chrome, browserVersion: 80.0.3987.163, chrome: {chromedriverVersion: 80.0.3987.106 (f68069574609..., userDataDir: C:\Users\DVENKA~1\AppData\L...}, goog:chromeOptions: {debuggerAddress: localhost:55609}, javascriptEnabled: true, networkConnectionEnabled: false, pageLoadStrategy: eager, platform: WINDOWS, platformName: WINDOWS, proxy: Proxy(), setWindowRect: true, strictFileInteractability: false, timeouts: {implicit: 0, pageLoad: 300000, script: 30000}, unhandledPromptBehavior: dismiss and notify}
Session ID: 046088fbb4c8b39e2f7bb6617f871930
*** Element info: {Using=css selector, value=#highcharts-32 &gt; svg &gt; g.highcharts-series-group &gt; g.highcharts-markers.highcharts-series-0.highcharts-tracker &gt; path:nth-child(1)}
	at sun.reflect.NativeConstructorAccessorImpl.newInstance0(Native Method)
	at sun.reflect.NativeConstructorAccessorImpl.newInstance(NativeConstructorAccessorImpl.java:62)
	at sun.reflect.DelegatingConstructorAccessorImpl.newInstance(DelegatingConstructorAccessorImpl.java:45)
	at java.lang.reflect.Constructor.newInstance(Constructor.java:408)
	at org.openqa.selenium.remote.http.W3CHttpResponseCodec.createException(W3CHttpResponseCodec.java:187)
	at org.openqa.selenium.remote.http.W3CHttpResponseCodec.decode(W3CHttpResponseCodec.java:122)
	at org.openqa.selenium.remote.http.W3CHttpResponseCodec.decode(W3CHttpResponseCodec.java:49)
	at org.openqa.selenium.remote.HttpCommandExecutor.execute(HttpCommandExecutor.java:158)
	at org.openqa.selenium.remote.service.DriverCommandExecutor.execute(DriverCommandExecutor.java:83)
	at org.openqa.selenium.remote.RemoteWebDriver.execute(RemoteWebDriver.java:552)
	at org.openqa.selenium.remote.RemoteWebDriver.findElement(RemoteWebDriver.java:323)
	at org.openqa.selenium.remote.RemoteWebDriver.findElementByCssSelector(RemoteWebDriver.java:420)
	at org.openqa.selenium.By$ByCssSelector.findElement(By.java:431)
	at org.openqa.selenium.remote.RemoteWebDriver.findElement(RemoteWebDriver.java:315)
	at com.wheretheworkis.qa.pages.OccupationPopupWindow.getChartsElement(OccupationPopupWindow.java:84)
	at com.wheretheworkis.qa.pages.OccupationPopupWindow.validateMouseHoverLineChart(OccupationPopupWindow.java:66)
	at com.wheretheworkis.qa.testcase.OccupationPopupWindowTest.mouseHoverOnLineChartTest(OccupationPopupWindowTest.java:58)
	at sun.reflect.NativeMethodAccessorImpl.invoke0(Native Method)
	at sun.reflect.NativeMethodAccessorImpl.invoke(NativeMethodAccessorImpl.java:62)
	at sun.reflect.DelegatingMethodAccessorImpl.invoke(DelegatingMethodAccessorImpl.java:43)
	at java.lang.reflect.Method.invoke(Method.java:483)
	at org.testng.internal.MethodInvocationHelper.invokeMethod(MethodInvocationHelper.java:80)
	at org.testng.internal.Invoker.invokeMethod(Invoker.java:714)
	at org.testng.internal.Invoker.invokeTestMethod(Invoker.java:901)
	at org.testng.internal.Invoker.invokeTestMethods(Invoker.java:1231)
	at org.testng.internal.TestMethodWorker.invokeTestMethods(TestMethodWorker.java:127)
	at org.testng.internal.TestMethodWorker.run(TestMethodWorker.java:111)
	at org.testng.TestRunner.privateRun(TestRunner.java:767)
	at org.testng.TestRunner.run(TestRunner.java:617)
	at org.testng.SuiteRunner.runTest(SuiteRunner.java:334)
	at org.testng.SuiteRunner.runSequentially(SuiteRunner.java:329)
	at org.testng.SuiteRunner.privateRun(SuiteRunner.java:291)
	at org.testng.SuiteRunner.run(SuiteRunner.java:240)
	at org.testng.SuiteRunnerWorker.runSuite(SuiteRunnerWorker.java:52)
	at org.testng.SuiteRunnerWorker.run(SuiteRunnerWorker.java:86)
	at org.testng.TestNG.runSuitesSequentially(TestNG.java:1198)
	at org.testng.TestNG.runSuitesLocally(TestNG.java:1123)
	at org.testng.TestNG.run(TestNG.java:1031)
	at com.wheretheworkis.qa.testcase.TestRunner.main(TestRunner.java:26)
</pre></div></td>
<td>40</td>
<td>com.wheretheworkis.qa.testcase.OccupationPopupWindowTest@1761e840</td></tr>
<tr>
<td title='com.wheretheworkis.qa.testcase.OccupationPopupWindowTest.mouseHoverOnPieChartTest()'><b>mouseHoverOnPieChartTest</b><br>Test class: com.wheretheworkis.qa.testcase.OccupationPopupWindowTest</td>
<td><div><pre>org.openqa.selenium.NoSuchElementException: no such element: Unable to locate element: {&quot;method&quot;:&quot;css selector&quot;,&quot;selector&quot;:&quot;#highcharts-30 &gt; svg &gt; g.highcharts-data-labels.highcharts-series-0.highcharts-tracker&quot;}
  (Session info: chrome=80.0.3987.163)
For documentation on this error, please visit: https://www.seleniumhq.org/exceptions/no_such_element.html
Build info: version: &apos;3.141.59&apos;, revision: &apos;e82be7d358&apos;, time: &apos;2018-11-14T08:17:03&apos;
System info: host: &apos;DURAI-LT&apos;, ip: &apos;192.168.43.40&apos;, os.name: &apos;Windows 8.1&apos;, os.arch: &apos;amd64&apos;, os.version: &apos;6.3&apos;, java.version: &apos;1.8.0_11&apos;
Driver info: org.openqa.selenium.chrome.ChromeDriver
Capabilities {acceptInsecureCerts: false, browserName: chrome, browserVersion: 80.0.3987.163, chrome: {chromedriverVersion: 80.0.3987.106 (f68069574609..., userDataDir: C:\Users\DVENKA~1\AppData\L...}, goog:chromeOptions: {debuggerAddress: localhost:55609}, javascriptEnabled: true, networkConnectionEnabled: false, pageLoadStrategy: eager, platform: WINDOWS, platformName: WINDOWS, proxy: Proxy(), setWindowRect: true, strictFileInteractability: false, timeouts: {implicit: 0, pageLoad: 300000, script: 30000}, unhandledPromptBehavior: dismiss and notify}
Session ID: 046088fbb4c8b39e2f7bb6617f871930
*** Element info: {Using=css selector, value=#highcharts-30 &gt; svg &gt; g.highcharts-data-labels.highcharts-series-0.highcharts-tracker}
	at org.openqa.selenium.remote.http.W3CHttpResponseCodec.createException(W3CHttpResponseCodec.java:187)
	at org.openqa.selenium.remote.http.W3CHttpResponseCodec.decode(W3CHttpResponseCodec.java:122)
	at org.openqa.selenium.remote.http.W3CHttpResponseCodec.decode(W3CHttpResponseCodec.java:49)
	at org.openqa.selenium.remote.HttpCommandExecutor.execute(HttpCommandExecutor.java:158)
	at org.openqa.selenium.remote.service.DriverCommandExecutor.execute(DriverCommandExecutor.java:83)
	at org.openqa.selenium.remote.RemoteWebDriver.execute(RemoteWebDriver.java:552)
	at org.openqa.selenium.remote.RemoteWebDriver.findElement(RemoteWebDriver.java:323)
	at org.openqa.selenium.remote.RemoteWebDriver.findElementByCssSelector(RemoteWebDriver.java:420)
	at org.openqa.selenium.By$ByCssSelector.findElement(By.java:431)
	at org.openqa.selenium.remote.RemoteWebDriver.findElement(RemoteWebDriver.java:315)
	at com.wheretheworkis.qa.pages.OccupationPopupWindow.getChartsElement(OccupationPopupWindow.java:84)
	at com.wheretheworkis.qa.pages.OccupationPopupWindow.validateMouseOverOnPieChart(OccupationPopupWindow.java:61)
	at com.wheretheworkis.qa.testcase.OccupationPopupWindowTest.mouseHoverOnPieChartTest(OccupationPopupWindowTest.java:52)
	at com.wheretheworkis.qa.testcase.TestRunner.main(TestRunner.java:26)
... Removed 25 stack frames</pre></div><a href='#' onClick='toggleBox("stack-trace1163088324", this, "Click to show all stack frames", "Click to hide stack frames")'>Click to show all stack frames</a>
<div class='stack-trace' id='stack-trace1163088324'><pre>org.openqa.selenium.NoSuchElementException: no such element: Unable to locate element: {&quot;method&quot;:&quot;css selector&quot;,&quot;selector&quot;:&quot;#highcharts-30 &gt; svg &gt; g.highcharts-data-labels.highcharts-series-0.highcharts-tracker&quot;}
  (Session info: chrome=80.0.3987.163)
For documentation on this error, please visit: https://www.seleniumhq.org/exceptions/no_such_element.html
Build info: version: &apos;3.141.59&apos;, revision: &apos;e82be7d358&apos;, time: &apos;2018-11-14T08:17:03&apos;
System info: host: &apos;DURAI-LT&apos;, ip: &apos;192.168.43.40&apos;, os.name: &apos;Windows 8.1&apos;, os.arch: &apos;amd64&apos;, os.version: &apos;6.3&apos;, java.version: &apos;1.8.0_11&apos;
Driver info: org.openqa.selenium.chrome.ChromeDriver
Capabilities {acceptInsecureCerts: false, browserName: chrome, browserVersion: 80.0.3987.163, chrome: {chromedriverVersion: 80.0.3987.106 (f68069574609..., userDataDir: C:\Users\DVENKA~1\AppData\L...}, goog:chromeOptions: {debuggerAddress: localhost:55609}, javascriptEnabled: true, networkConnectionEnabled: false, pageLoadStrategy: eager, platform: WINDOWS, platformName: WINDOWS, proxy: Proxy(), setWindowRect: true, strictFileInteractability: false, timeouts: {implicit: 0, pageLoad: 300000, script: 30000}, unhandledPromptBehavior: dismiss and notify}
Session ID: 046088fbb4c8b39e2f7bb6617f871930
*** Element info: {Using=css selector, value=#highcharts-30 &gt; svg &gt; g.highcharts-data-labels.highcharts-series-0.highcharts-tracker}
	at sun.reflect.NativeConstructorAccessorImpl.newInstance0(Native Method)
	at sun.reflect.NativeConstructorAccessorImpl.newInstance(NativeConstructorAccessorImpl.java:62)
	at sun.reflect.DelegatingConstructorAccessorImpl.newInstance(DelegatingConstructorAccessorImpl.java:45)
	at java.lang.reflect.Constructor.newInstance(Constructor.java:408)
	at org.openqa.selenium.remote.http.W3CHttpResponseCodec.createException(W3CHttpResponseCodec.java:187)
	at org.openqa.selenium.remote.http.W3CHttpResponseCodec.decode(W3CHttpResponseCodec.java:122)
	at org.openqa.selenium.remote.http.W3CHttpResponseCodec.decode(W3CHttpResponseCodec.java:49)
	at org.openqa.selenium.remote.HttpCommandExecutor.execute(HttpCommandExecutor.java:158)
	at org.openqa.selenium.remote.service.DriverCommandExecutor.execute(DriverCommandExecutor.java:83)
	at org.openqa.selenium.remote.RemoteWebDriver.execute(RemoteWebDriver.java:552)
	at org.openqa.selenium.remote.RemoteWebDriver.findElement(RemoteWebDriver.java:323)
	at org.openqa.selenium.remote.RemoteWebDriver.findElementByCssSelector(RemoteWebDriver.java:420)
	at org.openqa.selenium.By$ByCssSelector.findElement(By.java:431)
	at org.openqa.selenium.remote.RemoteWebDriver.findElement(RemoteWebDriver.java:315)
	at com.wheretheworkis.qa.pages.OccupationPopupWindow.getChartsElement(OccupationPopupWindow.java:84)
	at com.wheretheworkis.qa.pages.OccupationPopupWindow.validateMouseOverOnPieChart(OccupationPopupWindow.java:61)
	at com.wheretheworkis.qa.testcase.OccupationPopupWindowTest.mouseHoverOnPieChartTest(OccupationPopupWindowTest.java:52)
	at sun.reflect.NativeMethodAccessorImpl.invoke0(Native Method)
	at sun.reflect.NativeMethodAccessorImpl.invoke(NativeMethodAccessorImpl.java:62)
	at sun.reflect.DelegatingMethodAccessorImpl.invoke(DelegatingMethodAccessorImpl.java:43)
	at java.lang.reflect.Method.invoke(Method.java:483)
	at org.testng.internal.MethodInvocationHelper.invokeMethod(MethodInvocationHelper.java:80)
	at org.testng.internal.Invoker.invokeMethod(Invoker.java:714)
	at org.testng.internal.Invoker.invokeTestMethod(Invoker.java:901)
	at org.testng.internal.Invoker.invokeTestMethods(Invoker.java:1231)
	at org.testng.internal.TestMethodWorker.invokeTestMethods(TestMethodWorker.java:127)
	at org.testng.internal.TestMethodWorker.run(TestMethodWorker.java:111)
	at org.testng.TestRunner.privateRun(TestRunner.java:767)
	at org.testng.TestRunner.run(TestRunner.java:617)
	at org.testng.SuiteRunner.runTest(SuiteRunner.java:334)
	at org.testng.SuiteRunner.runSequentially(SuiteRunner.java:329)
	at org.testng.SuiteRunner.privateRun(SuiteRunner.java:291)
	at org.testng.SuiteRunner.run(SuiteRunner.java:240)
	at org.testng.SuiteRunnerWorker.runSuite(SuiteRunnerWorker.java:52)
	at org.testng.SuiteRunnerWorker.run(SuiteRunnerWorker.java:86)
	at org.testng.TestNG.runSuitesSequentially(TestNG.java:1198)
	at org.testng.TestNG.runSuitesLocally(TestNG.java:1123)
	at org.testng.TestNG.run(TestNG.java:1031)
	at com.wheretheworkis.qa.testcase.TestRunner.main(TestRunner.java:26)
</pre></div></td>
<td>40</td>
<td>com.wheretheworkis.qa.testcase.OccupationPopupWindowTest@1761e840</td></tr>
</table><p>
<table width='100%' border='1' class='invocation-passed'>
<tr><td colspan='4' align='center'><b>PASSED TESTS</b></td></tr>
<tr><td><b>Test method</b></td>
<td width="30%"><b>Exception</b></td>
<td width="10%"><b>Time (seconds)</b></td>
<td><b>Instance</b></td>
</tr>
<tr>
<td title='com.wheretheworkis.qa.testcase.HomePageTest.aboutLinkTextPresentTest()'><b>aboutLinkTextPresentTest</b><br>Test class: com.wheretheworkis.qa.testcase.HomePageTest</td>
<td></td>
<td>0</td>
<td>com.wheretheworkis.qa.testcase.HomePageTest@6c629d6e</td></tr>
<tr>
<td title='com.wheretheworkis.qa.testcase.AboutPageTest.csvDataFilePresentTest()'><b>csvDataFilePresentTest</b><br>Test class: com.wheretheworkis.qa.testcase.AboutPageTest</td>
<td></td>
<td>0</td>
<td>com.wheretheworkis.qa.testcase.AboutPageTest@27abe2cd</td></tr>
<tr>
<td title='com.wheretheworkis.qa.testcase.AboutPageTest.dataDictionayFilePresentTest()'><b>dataDictionayFilePresentTest</b><br>Test class: com.wheretheworkis.qa.testcase.AboutPageTest</td>
<td></td>
<td>0</td>
<td>com.wheretheworkis.qa.testcase.AboutPageTest@27abe2cd</td></tr>
<tr>
<td title='com.wheretheworkis.qa.testcase.ProspectsAcrossLocationsPageTest.dropDownDefaultSelectedOccupationTest()'><b>dropDownDefaultSelectedOccupationTest</b><br>Test class: com.wheretheworkis.qa.testcase.ProspectsAcrossLocationsPageTest</td>
<td></td>
<td>0</td>
<td>com.wheretheworkis.qa.testcase.ProspectsAcrossLocationsPageTest@3f102e87</td></tr>
<tr>
<td title='com.wheretheworkis.qa.testcase.HomePageTest.homePageHeaderSectionTest()'><b>homePageHeaderSectionTest</b><br>Test class: com.wheretheworkis.qa.testcase.HomePageTest</td>
<td></td>
<td>0</td>
<td>com.wheretheworkis.qa.testcase.HomePageTest@6c629d6e</td></tr>
<tr>
<td title='com.wheretheworkis.qa.testcase.HomePageTest.homePageLogoTest()'><b>homePageLogoTest</b><br>Test class: com.wheretheworkis.qa.testcase.HomePageTest</td>
<td></td>
<td>0</td>
<td>com.wheretheworkis.qa.testcase.HomePageTest@6c629d6e</td></tr>
<tr>
<td title='com.wheretheworkis.qa.testcase.HomePageTest.homePageTitleTest()'><b>homePageTitleTest</b><br>Test class: com.wheretheworkis.qa.testcase.HomePageTest</td>
<td></td>
<td>0</td>
<td>com.wheretheworkis.qa.testcase.HomePageTest@6c629d6e</td></tr>
<tr>
<td title='com.wheretheworkis.qa.testcase.ProspectsAcrossLocationsPageTest.jobConcentrationMapButtonPresentTest()'><b>jobConcentrationMapButtonPresentTest</b><br>Test class: com.wheretheworkis.qa.testcase.ProspectsAcrossLocationsPageTest</td>
<td></td>
<td>0</td>
<td>com.wheretheworkis.qa.testcase.ProspectsAcrossLocationsPageTest@3f102e87</td></tr>
<tr>
<td title='com.wheretheworkis.qa.testcase.ProspectsAcrossLocationsPageTest.lepareaOrCityRegionRadioButtonTest()'><b>lepareaOrCityRegionRadioButtonTest</b><br>Test class: com.wheretheworkis.qa.testcase.ProspectsAcrossLocationsPageTest</td>
<td></td>
<td>0</td>
<td>com.wheretheworkis.qa.testcase.ProspectsAcrossLocationsPageTest@3f102e87</td></tr>
<tr>
<td title='com.wheretheworkis.qa.testcase.JobConcentrationPopupWindowTest.mapLengendPresentTest()'><b>mapLengendPresentTest</b><br>Test class: com.wheretheworkis.qa.testcase.JobConcentrationPopupWindowTest</td>
<td></td>
<td>0</td>
<td>com.wheretheworkis.qa.testcase.JobConcentrationPopupWindowTest@5ecddf8f</td></tr>
<tr>
<td title='com.wheretheworkis.qa.testcase.JobConcentrationPopupWindowTest.mapLepOrCityRegionRadioButtonSelectedTest()'><b>mapLepOrCityRegionRadioButtonSelectedTest</b><br>Test class: com.wheretheworkis.qa.testcase.JobConcentrationPopupWindowTest</td>
<td></td>
<td>0</td>
<td>com.wheretheworkis.qa.testcase.JobConcentrationPopupWindowTest@5ecddf8f</td></tr>
<tr>
<td title='com.wheretheworkis.qa.testcase.JobConcentrationPopupWindowTest.mapNationOrRegionRadioButtonSelectedTest()'><b>mapNationOrRegionRadioButtonSelectedTest</b><br>Test class: com.wheretheworkis.qa.testcase.JobConcentrationPopupWindowTest</td>
<td></td>
<td>0</td>
<td>com.wheretheworkis.qa.testcase.JobConcentrationPopupWindowTest@5ecddf8f</td></tr>
<tr>
<td title='com.wheretheworkis.qa.testcase.MethodologyPageTest.methodologyCsvDataFilePresentTest()'><b>methodologyCsvDataFilePresentTest</b><br>Test class: com.wheretheworkis.qa.testcase.MethodologyPageTest</td>
<td></td>
<td>0</td>
<td>com.wheretheworkis.qa.testcase.MethodologyPageTest@16b4a017</td></tr>
<tr>
<td title='com.wheretheworkis.qa.testcase.MethodologyPageTest.methodologyDataDictionayFilePresentTest()'><b>methodologyDataDictionayFilePresentTest</b><br>Test class: com.wheretheworkis.qa.testcase.MethodologyPageTest</td>
<td></td>
<td>0</td>
<td>com.wheretheworkis.qa.testcase.MethodologyPageTest@16b4a017</td></tr>
<tr>
<td title='com.wheretheworkis.qa.testcase.HomePageTest.methodologyPageLinkTextPresentTest()'><b>methodologyPageLinkTextPresentTest</b><br>Test class: com.wheretheworkis.qa.testcase.HomePageTest</td>
<td></td>
<td>0</td>
<td>com.wheretheworkis.qa.testcase.HomePageTest@6c629d6e</td></tr>
<tr>
<td title='com.wheretheworkis.qa.testcase.ProspectsAcrossLocationsPageTest.nationOrRegionRadioButtonTest()'><b>nationOrRegionRadioButtonTest</b><br>Test class: com.wheretheworkis.qa.testcase.ProspectsAcrossLocationsPageTest</td>
<td></td>
<td>0</td>
<td>com.wheretheworkis.qa.testcase.ProspectsAcrossLocationsPageTest@3f102e87</td></tr>
<tr>
<td title='com.wheretheworkis.qa.testcase.JobConcentrationPopupWindowTest.occupationDetailMapPresentTest()'><b>occupationDetailMapPresentTest</b><br>Test class: com.wheretheworkis.qa.testcase.JobConcentrationPopupWindowTest</td>
<td></td>
<td>0</td>
<td>com.wheretheworkis.qa.testcase.JobConcentrationPopupWindowTest@5ecddf8f</td></tr>
<tr>
<td title='com.wheretheworkis.qa.testcase.JobConcentrationPopupWindowTest.occupationNamePresentTest()'><b>occupationNamePresentTest</b><br>Test class: com.wheretheworkis.qa.testcase.JobConcentrationPopupWindowTest</td>
<td></td>
<td>0</td>
<td>com.wheretheworkis.qa.testcase.JobConcentrationPopupWindowTest@5ecddf8f</td></tr>
<tr>
<td title='com.wheretheworkis.qa.testcase.OccupationPopupWindowTest.occupationPopupTitleTest()'><b>occupationPopupTitleTest</b><br>Test class: com.wheretheworkis.qa.testcase.OccupationPopupWindowTest</td>
<td></td>
<td>0</td>
<td>com.wheretheworkis.qa.testcase.OccupationPopupWindowTest@1761e840</td></tr>
<tr>
<td title='com.wheretheworkis.qa.testcase.OccupationPopupWindowTest.occupationProfilePieChartPresentTest()'><b>occupationProfilePieChartPresentTest</b><br>Test class: com.wheretheworkis.qa.testcase.OccupationPopupWindowTest</td>
<td></td>
<td>0</td>
<td>com.wheretheworkis.qa.testcase.OccupationPopupWindowTest@1761e840</td></tr>
<tr>
<td title='com.wheretheworkis.qa.testcase.ProspectsAcrossLocationsPageTest.occupationTablePresentTest()'><b>occupationTablePresentTest</b><br>Test class: com.wheretheworkis.qa.testcase.ProspectsAcrossLocationsPageTest</td>
<td></td>
<td>0</td>
<td>com.wheretheworkis.qa.testcase.ProspectsAcrossLocationsPageTest@3f102e87</td></tr>
<tr>
<td title='com.wheretheworkis.qa.testcase.OccupationPopupWindowTest.popupCloseButtonTest()'><b>popupCloseButtonTest</b><br>Test class: com.wheretheworkis.qa.testcase.OccupationPopupWindowTest</td>
<td></td>
<td>0</td>
<td>com.wheretheworkis.qa.testcase.OccupationPopupWindowTest@1761e840</td></tr>
<tr>
<td title='com.wheretheworkis.qa.testcase.OccupationPopupWindowTest.projectedLineChartPresentTest()'><b>projectedLineChartPresentTest</b><br>Test class: com.wheretheworkis.qa.testcase.OccupationPopupWindowTest</td>
<td></td>
<td>0</td>
<td>com.wheretheworkis.qa.testcase.OccupationPopupWindowTest@1761e840</td></tr>
<tr>
<td title='com.wheretheworkis.qa.testcase.HomePageTest.relatedResearchPageLinkTextPresentTest()'><b>relatedResearchPageLinkTextPresentTest</b><br>Test class: com.wheretheworkis.qa.testcase.HomePageTest</td>
<td></td>
<td>0</td>
<td>com.wheretheworkis.qa.testcase.HomePageTest@6c629d6e</td></tr>
</table><p>
</body>
</html>