<?xml version="1.0" encoding="UTF-8"?>
<!-- Generated by org.testng.reporters.JUnitXMLReporter -->
<testsuite hostname="Durai-LT" name="Command line test" tests="29" failures="5" timestamp="12 Apr 2020 11:52:53 GMT" time="265.451" errors="0">
  <testcase name="csvDataFilePresentTest" time="0.488" classname="com.wheretheworkis.qa.testcase.AboutPageTest"/>
  <testcase name="dataDictionayFilePresentTest" time="0.044" classname="com.wheretheworkis.qa.testcase.AboutPageTest"/>
  <testcase name="methodologyCsvDataFilePresentTest" time="0.506" classname="com.wheretheworkis.qa.testcase.MethodologyPageTest"/>
  <testcase name="methodologyDataDictionayFilePresentTest" time="0.043" classname="com.wheretheworkis.qa.testcase.MethodologyPageTest"/>
  <testcase name="homePageLogoTest" time="0.051" classname="com.wheretheworkis.qa.testcase.HomePageTest"/>
  <testcase name="occupationDetailMapPresentTest" time="0.052" classname="com.wheretheworkis.qa.testcase.JobConcentrationPopupWindowTest"/>
  <testcase name="projectedLineChartPresentTest" time="0.045" classname="com.wheretheworkis.qa.testcase.OccupationPopupWindowTest"/>
  <testcase name="occupationTablePresentTest" time="0.043" classname="com.wheretheworkis.qa.testcase.ProspectsAcrossLocationsPageTest"/>
  <testcase name="homePageTitleTest" time="0.079" classname="com.wheretheworkis.qa.testcase.HomePageTest"/>
  <testcase name="occupationNamePresentTest" time="0.051" classname="com.wheretheworkis.qa.testcase.JobConcentrationPopupWindowTest"/>
  <testcase name="occupationPopupTitleTest" time="0.033" classname="com.wheretheworkis.qa.testcase.OccupationPopupWindowTest"/>
  <testcase name="dropDownDefaultSelectedOccupationTest" time="0.04" classname="com.wheretheworkis.qa.testcase.ProspectsAcrossLocationsPageTest"/>
  <testcase name="homePageHeaderSectionTest" time="0.068" classname="com.wheretheworkis.qa.testcase.HomePageTest"/>
  <testcase name="mapLengendPresentTest" time="0.041" classname="com.wheretheworkis.qa.testcase.JobConcentrationPopupWindowTest"/>
  <testcase name="occupationProfilePieChartPresentTest" time="0.03" classname="com.wheretheworkis.qa.testcase.OccupationPopupWindowTest"/>
  <testcase name="nationOrRegionRadioButtonTest" time="0.026" classname="com.wheretheworkis.qa.testcase.ProspectsAcrossLocationsPageTest"/>
  <testcase name="aboutLinkTextPresentTest" time="0.035" classname="com.wheretheworkis.qa.testcase.HomePageTest"/>
  <testcase name="mapLepOrCityRegionRadioButtonSelectedTest" time="0.148" classname="com.wheretheworkis.qa.testcase.JobConcentrationPopupWindowTest"/>
  <testcase name="mouseHoverOnPieChartTest" time="40.129" classname="com.wheretheworkis.qa.testcase.OccupationPopupWindowTest">
    <failure type="org.openqa.selenium.NoSuchElementException" message="no such element: Unable to locate element: {&amp;quot;method&amp;quot;:&amp;quot;css selector&amp;quot;,&amp;quot;selector&amp;quot;:&amp;quot;#highcharts-30 &amp;gt; svg &amp;gt; g.highcharts-data-labels.highcharts-series-0.highcharts-tracker&amp;quot;}
  (Session info: chrome=80.0.3987.163)
For documentation on this error, please visit: https://www.seleniumhq.org/exceptions/no_such_element.html
Build info: version: &amp;apos;3.141.59&amp;apos;, revision: &amp;apos;e82be7d358&amp;apos;, time: &amp;apos;2018-11-14T08:17:03&amp;apos;
System info: host: &amp;apos;DURAI-LT&amp;apos;, ip: &amp;apos;192.168.43.40&amp;apos;, os.name: &amp;apos;Windows 8.1&amp;apos;, os.arch: &amp;apos;amd64&amp;apos;, os.version: &amp;apos;6.3&amp;apos;, java.version: &amp;apos;1.8.0_11&amp;apos;
Driver info: org.openqa.selenium.chrome.ChromeDriver
Capabilities {acceptInsecureCerts: false, browserName: chrome, browserVersion: 80.0.3987.163, chrome: {chromedriverVersion: 80.0.3987.106 (f68069574609..., userDataDir: C:\Users\DVENKA~1\AppData\L...}, goog:chromeOptions: {debuggerAddress: localhost:55609}, javascriptEnabled: true, networkConnectionEnabled: false, pageLoadStrategy: eager, platform: WINDOWS, platformName: WINDOWS, proxy: Proxy(), setWindowRect: true, strictFileInteractability: false, timeouts: {implicit: 0, pageLoad: 300000, script: 30000}, unhandledPromptBehavior: dismiss and notify}
Session ID: 046088fbb4c8b39e2f7bb6617f871930
*** Element info: {Using=css selector, value=#highcharts-30 &amp;gt; svg &amp;gt; g.highcharts-data-labels.highcharts-series-0.highcharts-tracker}">
      <![CDATA[org.openqa.selenium.NoSuchElementException: no such element: Unable to locate element: {"method":"css selector","selector":"#highcharts-30 > svg > g.highcharts-data-labels.highcharts-series-0.highcharts-tracker"}
  (Session info: chrome=80.0.3987.163)
For documentation on this error, please visit: https://www.seleniumhq.org/exceptions/no_such_element.html
Build info: version: '3.141.59', revision: 'e82be7d358', time: '2018-11-14T08:17:03'
System info: host: 'DURAI-LT', ip: '192.168.43.40', os.name: 'Windows 8.1', os.arch: 'amd64', os.version: '6.3', java.version: '1.8.0_11'
Driver info: org.openqa.selenium.chrome.ChromeDriver
Capabilities {acceptInsecureCerts: false, browserName: chrome, browserVersion: 80.0.3987.163, chrome: {chromedriverVersion: 80.0.3987.106 (f68069574609..., userDataDir: C:\Users\DVENKA~1\AppData\L...}, goog:chromeOptions: {debuggerAddress: localhost:55609}, javascriptEnabled: true, networkConnectionEnabled: false, pageLoadStrategy: eager, platform: WINDOWS, platformName: WINDOWS, proxy: Proxy(), setWindowRect: true, strictFileInteractability: false, timeouts: {implicit: 0, pageLoad: 300000, script: 30000}, unhandledPromptBehavior: dismiss and notify}
Session ID: 046088fbb4c8b39e2f7bb6617f871930
*** Element info: {Using=css selector, value=#highcharts-30 > svg > g.highcharts-data-labels.highcharts-series-0.highcharts-tracker}
	at org.openqa.selenium.remote.http.W3CHttpResponseCodec.createException(W3CHttpResponseCodec.java:187)
	at org.openqa.selenium.remote.http.W3CHttpResponseCodec.decode(W3CHttpResponseCodec.java:122)
	at org.openqa.selenium.remote.http.W3CHttpResponseCodec.decode(W3CHttpResponseCodec.java:49)
	at org.openqa.selenium.remote.HttpCommandExecutor.execute(HttpCommandExecutor.java:158)
	at org.openqa.selenium.remote.service.DriverCommandExecutor.execute(DriverCommandExecutor.java:83)
	at org.openqa.selenium.remote.RemoteWebDriver.execute(RemoteWebDriver.java:552)
	at org.openqa.selenium.remote.RemoteWebDriver.findElement(RemoteWebDriver.java:323)
	at org.openqa.selenium.remote.RemoteWebDriver.findElementByCssSelector(RemoteWebDriver.java:420)
	at org.openqa.selenium.By$ByCssSelector.findElement(By.java:431)
	at org.openqa.selenium.remote.RemoteWebDriver.findElement(RemoteWebDriver.java:315)
	at com.wheretheworkis.qa.pages.OccupationPopupWindow.getChartsElement(OccupationPopupWindow.java:84)
	at com.wheretheworkis.qa.pages.OccupationPopupWindow.validateMouseOverOnPieChart(OccupationPopupWindow.java:61)
	at com.wheretheworkis.qa.testcase.OccupationPopupWindowTest.mouseHoverOnPieChartTest(OccupationPopupWindowTest.java:52)
	at com.wheretheworkis.qa.testcase.TestRunner.main(TestRunner.java:26)
... Removed 25 stack frames]]>
    </failure>
  </testcase> <!-- mouseHoverOnPieChartTest -->
  <testcase name="lepareaOrCityRegionRadioButtonTest" time="0.244" classname="com.wheretheworkis.qa.testcase.ProspectsAcrossLocationsPageTest"/>
  <testcase name="relatedResearchPageLinkTextPresentTest" time="0.046" classname="com.wheretheworkis.qa.testcase.HomePageTest"/>
  <testcase name="mapNationOrRegionRadioButtonSelectedTest" time="0.133" classname="com.wheretheworkis.qa.testcase.JobConcentrationPopupWindowTest"/>
  <testcase name="mouseHoverOnLineChartTest" time="40.051" classname="com.wheretheworkis.qa.testcase.OccupationPopupWindowTest">
    <failure type="org.openqa.selenium.NoSuchElementException" message="no such element: Unable to locate element: {&amp;quot;method&amp;quot;:&amp;quot;css selector&amp;quot;,&amp;quot;selector&amp;quot;:&amp;quot;#highcharts-32 &amp;gt; svg &amp;gt; g.highcharts-series-group &amp;gt; g.highcharts-markers.highcharts-series-0.highcharts-tracker &amp;gt; path:nth-child(1)&amp;quot;}
  (Session info: chrome=80.0.3987.163)
For documentation on this error, please visit: https://www.seleniumhq.org/exceptions/no_such_element.html
Build info: version: &amp;apos;3.141.59&amp;apos;, revision: &amp;apos;e82be7d358&amp;apos;, time: &amp;apos;2018-11-14T08:17:03&amp;apos;
System info: host: &amp;apos;DURAI-LT&amp;apos;, ip: &amp;apos;192.168.43.40&amp;apos;, os.name: &amp;apos;Windows 8.1&amp;apos;, os.arch: &amp;apos;amd64&amp;apos;, os.version: &amp;apos;6.3&amp;apos;, java.version: &amp;apos;1.8.0_11&amp;apos;
Driver info: org.openqa.selenium.chrome.ChromeDriver
Capabilities {acceptInsecureCerts: false, browserName: chrome, browserVersion: 80.0.3987.163, chrome: {chromedriverVersion: 80.0.3987.106 (f68069574609..., userDataDir: C:\Users\DVENKA~1\AppData\L...}, goog:chromeOptions: {debuggerAddress: localhost:55609}, javascriptEnabled: true, networkConnectionEnabled: false, pageLoadStrategy: eager, platform: WINDOWS, platformName: WINDOWS, proxy: Proxy(), setWindowRect: true, strictFileInteractability: false, timeouts: {implicit: 0, pageLoad: 300000, script: 30000}, unhandledPromptBehavior: dismiss and notify}
Session ID: 046088fbb4c8b39e2f7bb6617f871930
*** Element info: {Using=css selector, value=#highcharts-32 &amp;gt; svg &amp;gt; g.highcharts-series-group &amp;gt; g.highcharts-markers.highcharts-series-0.highcharts-tracker &amp;gt; path:nth-child(1)}">
      <![CDATA[org.openqa.selenium.NoSuchElementException: no such element: Unable to locate element: {"method":"css selector","selector":"#highcharts-32 > svg > g.highcharts-series-group > g.highcharts-markers.highcharts-series-0.highcharts-tracker > path:nth-child(1)"}
  (Session info: chrome=80.0.3987.163)
For documentation on this error, please visit: https://www.seleniumhq.org/exceptions/no_such_element.html
Build info: version: '3.141.59', revision: 'e82be7d358', time: '2018-11-14T08:17:03'
System info: host: 'DURAI-LT', ip: '192.168.43.40', os.name: 'Windows 8.1', os.arch: 'amd64', os.version: '6.3', java.version: '1.8.0_11'
Driver info: org.openqa.selenium.chrome.ChromeDriver
Capabilities {acceptInsecureCerts: false, browserName: chrome, browserVersion: 80.0.3987.163, chrome: {chromedriverVersion: 80.0.3987.106 (f68069574609..., userDataDir: C:\Users\DVENKA~1\AppData\L...}, goog:chromeOptions: {debuggerAddress: localhost:55609}, javascriptEnabled: true, networkConnectionEnabled: false, pageLoadStrategy: eager, platform: WINDOWS, platformName: WINDOWS, proxy: Proxy(), setWindowRect: true, strictFileInteractability: false, timeouts: {implicit: 0, pageLoad: 300000, script: 30000}, unhandledPromptBehavior: dismiss and notify}
Session ID: 046088fbb4c8b39e2f7bb6617f871930
*** Element info: {Using=css selector, value=#highcharts-32 > svg > g.highcharts-series-group > g.highcharts-markers.highcharts-series-0.highcharts-tracker > path:nth-child(1)}
	at org.openqa.selenium.remote.http.W3CHttpResponseCodec.createException(W3CHttpResponseCodec.java:187)
	at org.openqa.selenium.remote.http.W3CHttpResponseCodec.decode(W3CHttpResponseCodec.java:122)
	at org.openqa.selenium.remote.http.W3CHttpResponseCodec.decode(W3CHttpResponseCodec.java:49)
	at org.openqa.selenium.remote.HttpCommandExecutor.execute(HttpCommandExecutor.java:158)
	at org.openqa.selenium.remote.service.DriverCommandExecutor.execute(DriverCommandExecutor.java:83)
	at org.openqa.selenium.remote.RemoteWebDriver.execute(RemoteWebDriver.java:552)
	at org.openqa.selenium.remote.RemoteWebDriver.findElement(RemoteWebDriver.java:323)
	at org.openqa.selenium.remote.RemoteWebDriver.findElementByCssSelector(RemoteWebDriver.java:420)
	at org.openqa.selenium.By$ByCssSelector.findElement(By.java:431)
	at org.openqa.selenium.remote.RemoteWebDriver.findElement(RemoteWebDriver.java:315)
	at com.wheretheworkis.qa.pages.OccupationPopupWindow.getChartsElement(OccupationPopupWindow.java:84)
	at com.wheretheworkis.qa.pages.OccupationPopupWindow.validateMouseHoverLineChart(OccupationPopupWindow.java:66)
	at com.wheretheworkis.qa.testcase.OccupationPopupWindowTest.mouseHoverOnLineChartTest(OccupationPopupWindowTest.java:58)
	at com.wheretheworkis.qa.testcase.TestRunner.main(TestRunner.java:26)
... Removed 25 stack frames]]>
    </failure>
  </testcase> <!-- mouseHoverOnLineChartTest -->
  <testcase name="jobConcentrationMapButtonPresentTest" time="0.035" classname="com.wheretheworkis.qa.testcase.ProspectsAcrossLocationsPageTest"/>
  <testcase name="methodologyPageLinkTextPresentTest" time="0.036" classname="com.wheretheworkis.qa.testcase.HomePageTest"/>
  <testcase name="mapLocationMouseHoverTest" time="0.087" classname="com.wheretheworkis.qa.testcase.JobConcentrationPopupWindowTest">
    <failure type="org.openqa.selenium.StaleElementReferenceException" message="stale element reference: element is not attached to the page document
  (Session info: chrome=80.0.3987.163)
For documentation on this error, please visit: https://www.seleniumhq.org/exceptions/stale_element_reference.html
Build info: version: &amp;apos;3.141.59&amp;apos;, revision: &amp;apos;e82be7d358&amp;apos;, time: &amp;apos;2018-11-14T08:17:03&amp;apos;
System info: host: &amp;apos;DURAI-LT&amp;apos;, ip: &amp;apos;192.168.43.40&amp;apos;, os.name: &amp;apos;Windows 8.1&amp;apos;, os.arch: &amp;apos;amd64&amp;apos;, os.version: &amp;apos;6.3&amp;apos;, java.version: &amp;apos;1.8.0_11&amp;apos;
Driver info: org.openqa.selenium.chrome.ChromeDriver
Capabilities {acceptInsecureCerts: false, browserName: chrome, browserVersion: 80.0.3987.163, chrome: {chromedriverVersion: 80.0.3987.106 (f68069574609..., userDataDir: C:\Users\DVENKA~1\AppData\L...}, goog:chromeOptions: {debuggerAddress: localhost:55609}, javascriptEnabled: true, networkConnectionEnabled: false, pageLoadStrategy: eager, platform: WINDOWS, platformName: WINDOWS, proxy: Proxy(), setWindowRect: true, strictFileInteractability: false, timeouts: {implicit: 0, pageLoad: 300000, script: 30000}, unhandledPromptBehavior: dismiss and notify}
Session ID: 046088fbb4c8b39e2f7bb6617f871930">
      <![CDATA[org.openqa.selenium.StaleElementReferenceException: stale element reference: element is not attached to the page document
  (Session info: chrome=80.0.3987.163)
For documentation on this error, please visit: https://www.seleniumhq.org/exceptions/stale_element_reference.html
Build info: version: '3.141.59', revision: 'e82be7d358', time: '2018-11-14T08:17:03'
System info: host: 'DURAI-LT', ip: '192.168.43.40', os.name: 'Windows 8.1', os.arch: 'amd64', os.version: '6.3', java.version: '1.8.0_11'
Driver info: org.openqa.selenium.chrome.ChromeDriver
Capabilities {acceptInsecureCerts: false, browserName: chrome, browserVersion: 80.0.3987.163, chrome: {chromedriverVersion: 80.0.3987.106 (f68069574609..., userDataDir: C:\Users\DVENKA~1\AppData\L...}, goog:chromeOptions: {debuggerAddress: localhost:55609}, javascriptEnabled: true, networkConnectionEnabled: false, pageLoadStrategy: eager, platform: WINDOWS, platformName: WINDOWS, proxy: Proxy(), setWindowRect: true, strictFileInteractability: false, timeouts: {implicit: 0, pageLoad: 300000, script: 30000}, unhandledPromptBehavior: dismiss and notify}
Session ID: 046088fbb4c8b39e2f7bb6617f871930
	at org.openqa.selenium.remote.http.W3CHttpResponseCodec.createException(W3CHttpResponseCodec.java:187)
	at org.openqa.selenium.remote.http.W3CHttpResponseCodec.decode(W3CHttpResponseCodec.java:122)
	at org.openqa.selenium.remote.http.W3CHttpResponseCodec.decode(W3CHttpResponseCodec.java:49)
	at org.openqa.selenium.remote.HttpCommandExecutor.execute(HttpCommandExecutor.java:158)
	at org.openqa.selenium.remote.service.DriverCommandExecutor.execute(DriverCommandExecutor.java:83)
	at org.openqa.selenium.remote.RemoteWebDriver.execute(RemoteWebDriver.java:552)
	at org.openqa.selenium.remote.RemoteWebDriver.perform(RemoteWebDriver.java:618)
	at org.openqa.selenium.interactions.Actions$BuiltAction.perform(Actions.java:639)
	at com.wheretheworkis.qa.util.TestUtil.mouseHoverOnElement(TestUtil.java:38)
	at com.wheretheworkis.qa.pages.JobConcentrationPopupWindow.validateMouseHoverOnMapLocation(JobConcentrationPopupWindow.java:70)
	at com.wheretheworkis.qa.testcase.JobConcentrationPopupWindowTest.mapLocationMouseHoverTest(JobConcentrationPopupWindowTest.java:72)
	at com.wheretheworkis.qa.testcase.TestRunner.main(TestRunner.java:26)
... Removed 25 stack frames]]>
    </failure>
  </testcase> <!-- mapLocationMouseHoverTest -->
  <testcase name="popupCloseButtonTest" time="0.109" classname="com.wheretheworkis.qa.testcase.OccupationPopupWindowTest"/>
  <testcase name="jobConcentrationMapPopupPresentTest" time="0.001" classname="com.wheretheworkis.qa.testcase.ProspectsAcrossLocationsPageTest">
    <failure type="org.openqa.selenium.NoSuchSessionException" message="Session ID is null. Using WebDriver after calling quit()?
Build info: version: &amp;apos;3.141.59&amp;apos;, revision: &amp;apos;e82be7d358&amp;apos;, time: &amp;apos;2018-11-14T08:17:03&amp;apos;
System info: host: &amp;apos;DURAI-LT&amp;apos;, ip: &amp;apos;192.168.43.40&amp;apos;, os.name: &amp;apos;Windows 8.1&amp;apos;, os.arch: &amp;apos;amd64&amp;apos;, os.version: &amp;apos;6.3&amp;apos;, java.version: &amp;apos;1.8.0_11&amp;apos;
Driver info: driver.version: RemoteWebDriver">
      <![CDATA[org.openqa.selenium.NoSuchSessionException: Session ID is null. Using WebDriver after calling quit()?
Build info: version: '3.141.59', revision: 'e82be7d358', time: '2018-11-14T08:17:03'
System info: host: 'DURAI-LT', ip: '192.168.43.40', os.name: 'Windows 8.1', os.arch: 'amd64', os.version: '6.3', java.version: '1.8.0_11'
Driver info: driver.version: RemoteWebDriver
	at org.openqa.selenium.remote.HttpCommandExecutor.execute(HttpCommandExecutor.java:125)
	at org.openqa.selenium.remote.service.DriverCommandExecutor.execute(DriverCommandExecutor.java:83)
	at org.openqa.selenium.remote.RemoteWebDriver.execute(RemoteWebDriver.java:552)
	at org.openqa.selenium.remote.RemoteWebDriver.findElement(RemoteWebDriver.java:323)
	at org.openqa.selenium.remote.RemoteWebDriver.findElementByCssSelector(RemoteWebDriver.java:420)
	at org.openqa.selenium.By$ByCssSelector.findElement(By.java:431)
	at org.openqa.selenium.remote.RemoteWebDriver.findElement(RemoteWebDriver.java:315)
	at org.openqa.selenium.support.pagefactory.DefaultElementLocator.findElement(DefaultElementLocator.java:69)
	at org.openqa.selenium.support.pagefactory.internal.LocatingElementHandler.invoke(LocatingElementHandler.java:38)
	at com.sun.proxy.$Proxy7.click(Unknown Source)
	at com.wheretheworkis.qa.pages.ProspectsAcrossLocationsPage.validateJobConcentartionMapPopup(ProspectsAcrossLocationsPage.java:71)
	at com.wheretheworkis.qa.testcase.ProspectsAcrossLocationsPageTest.jobConcentrationMapPopupPresentTest(ProspectsAcrossLocationsPageTest.java:68)
	at com.wheretheworkis.qa.testcase.TestRunner.main(TestRunner.java:26)
... Removed 21 stack frames]]>
    </failure>
  </testcase> <!-- jobConcentrationMapPopupPresentTest -->
  <testcase name="jobConcentrationMapPopupPresentTest" time="0.003" classname="com.wheretheworkis.qa.testcase.ProspectsAcrossLocationsPageTest">
    <failure type="org.openqa.selenium.NoSuchSessionException" message="Session ID is null. Using WebDriver after calling quit()?
Build info: version: &amp;apos;3.141.59&amp;apos;, revision: &amp;apos;e82be7d358&amp;apos;, time: &amp;apos;2018-11-14T08:17:03&amp;apos;
System info: host: &amp;apos;DURAI-LT&amp;apos;, ip: &amp;apos;192.168.43.40&amp;apos;, os.name: &amp;apos;Windows 8.1&amp;apos;, os.arch: &amp;apos;amd64&amp;apos;, os.version: &amp;apos;6.3&amp;apos;, java.version: &amp;apos;1.8.0_11&amp;apos;
Driver info: driver.version: RemoteWebDriver">
      <![CDATA[org.openqa.selenium.NoSuchSessionException: Session ID is null. Using WebDriver after calling quit()?
Build info: version: '3.141.59', revision: 'e82be7d358', time: '2018-11-14T08:17:03'
System info: host: 'DURAI-LT', ip: '192.168.43.40', os.name: 'Windows 8.1', os.arch: 'amd64', os.version: '6.3', java.version: '1.8.0_11'
Driver info: driver.version: RemoteWebDriver
	at org.openqa.selenium.remote.HttpCommandExecutor.execute(HttpCommandExecutor.java:125)
	at org.openqa.selenium.remote.service.DriverCommandExecutor.execute(DriverCommandExecutor.java:83)
	at org.openqa.selenium.remote.RemoteWebDriver.execute(RemoteWebDriver.java:552)
	at org.openqa.selenium.remote.RemoteWebDriver.execute(RemoteWebDriver.java:609)
	at org.openqa.selenium.remote.RemoteWebDriver.getScreenshotAs(RemoteWebDriver.java:295)
	at com.wheretheworkis.qa.listeners.ScreenshotListener.onTestFailure(ScreenshotListener.java:24)
	at com.wheretheworkis.qa.testcase.TestRunner.main(TestRunner.java:26)
... Removed 18 stack frames]]>
    </failure>
  </testcase> <!-- jobConcentrationMapPopupPresentTest -->
</testsuite> <!-- Command line test -->
