<?xml version="1.0" encoding="UTF-8"?>
<testng-results skipped="0" failed="10" total="41" passed="31">
  <reporter-output>
  </reporter-output>
  <suite name="Default suite" duration-ms="265336" started-at="2020-04-02T07:42:29Z" finished-at="2020-04-02T07:46:54Z">
    <groups>
    </groups>
    <test name="Default test" duration-ms="265336" started-at="2020-04-02T07:42:29Z" finished-at="2020-04-02T07:46:54Z">
      <class name="com.whertheworkis.qa.testcase.HomePageTest">
        <test-method status="PASS" signature="setUp(org.testng.ITestContext)[pri:0, instance:com.whertheworkis.qa.testcase.HomePageTest@3a82f6ef]" name="setUp" is-config="true" duration-ms="38919" started-at="2020-04-02T13:12:29Z" finished-at="2020-04-02T13:13:08Z">
          <params>
            <param index="0">
              <value>
                <![CDATA[org.testng.TestRunner@4c4d27c8]]>
              </value>
            </param>
          </params>
          <reporter-output>
          </reporter-output>
        </test-method> <!-- setUp -->
        <test-method status="PASS" signature="homePageLogoTest()[pri:0, instance:com.whertheworkis.qa.testcase.HomePageTest@3a82f6ef]" name="homePageLogoTest" duration-ms="79" started-at="2020-04-02T13:13:08Z" finished-at="2020-04-02T13:13:08Z">
          <reporter-output>
          </reporter-output>
        </test-method> <!-- homePageLogoTest -->
        <test-method status="PASS" signature="homePageTitleTest()[pri:0, instance:com.whertheworkis.qa.testcase.HomePageTest@3a82f6ef]" name="homePageTitleTest" duration-ms="34" started-at="2020-04-02T13:13:08Z" finished-at="2020-04-02T13:13:08Z">
          <reporter-output>
          </reporter-output>
        </test-method> <!-- homePageTitleTest -->
        <test-method status="PASS" signature="homePageHeaderSectionTest()[pri:0, instance:com.whertheworkis.qa.testcase.HomePageTest@3a82f6ef]" name="homePageHeaderSectionTest" duration-ms="38" started-at="2020-04-02T13:13:08Z" finished-at="2020-04-02T13:13:08Z">
          <reporter-output>
          </reporter-output>
        </test-method> <!-- homePageHeaderSectionTest -->
        <test-method status="PASS" signature="aboutLinkTextPresentTest()[pri:0, instance:com.whertheworkis.qa.testcase.HomePageTest@3a82f6ef]" name="aboutLinkTextPresentTest" duration-ms="37" started-at="2020-04-02T13:13:08Z" finished-at="2020-04-02T13:13:08Z">
          <reporter-output>
          </reporter-output>
        </test-method> <!-- aboutLinkTextPresentTest -->
        <test-method status="PASS" signature="relatedResearchPageLinkTextPresentTest()[pri:0, instance:com.whertheworkis.qa.testcase.HomePageTest@3a82f6ef]" name="relatedResearchPageLinkTextPresentTest" duration-ms="37" started-at="2020-04-02T13:13:08Z" finished-at="2020-04-02T13:13:08Z">
          <reporter-output>
          </reporter-output>
        </test-method> <!-- relatedResearchPageLinkTextPresentTest -->
        <test-method status="PASS" signature="methodologyPageLinkTextPresentTest()[pri:0, instance:com.whertheworkis.qa.testcase.HomePageTest@3a82f6ef]" name="methodologyPageLinkTextPresentTest" duration-ms="36" started-at="2020-04-02T13:13:08Z" finished-at="2020-04-02T13:13:08Z">
          <reporter-output>
          </reporter-output>
        </test-method> <!-- methodologyPageLinkTextPresentTest -->
        <test-method status="PASS" signature="whatcanthistoolshowPageLinkTextPresentTest()[pri:0, instance:com.whertheworkis.qa.testcase.HomePageTest@3a82f6ef]" name="whatcanthistoolshowPageLinkTextPresentTest" duration-ms="36" started-at="2020-04-02T13:13:08Z" finished-at="2020-04-02T13:13:08Z">
          <reporter-output>
          </reporter-output>
        </test-method> <!-- whatcanthistoolshowPageLinkTextPresentTest -->
        <test-method status="FAIL" signature="defaultLocationSeclectedTest()[pri:0, instance:com.whertheworkis.qa.testcase.HomePageTest@3a82f6ef]" name="defaultLocationSeclectedTest" duration-ms="29" started-at="2020-04-02T13:13:08Z" finished-at="2020-04-02T13:13:08Z">
          <exception class="java.lang.AssertionError">
            <message>
              <![CDATA[expected [United Kingdom] but found []]]>
            </message>
            <full-stacktrace>
              <![CDATA[java.lang.AssertionError: expected [United Kingdom] but found []
	at org.testng.Assert.fail(Assert.java:94)
	at org.testng.Assert.failNotEquals(Assert.java:494)
	at org.testng.Assert.assertEquals(Assert.java:123)
	at org.testng.Assert.assertEquals(Assert.java:176)
	at org.testng.Assert.assertEquals(Assert.java:186)
	at com.whertheworkis.qa.testcase.HomePageTest.defaultLocationSeclectedTest(HomePageTest.java:77)
	at sun.reflect.NativeMethodAccessorImpl.invoke0(Native Method)
	at sun.reflect.NativeMethodAccessorImpl.invoke(Unknown Source)
	at sun.reflect.DelegatingMethodAccessorImpl.invoke(Unknown Source)
	at java.lang.reflect.Method.invoke(Unknown Source)
	at org.testng.internal.MethodInvocationHelper.invokeMethod(MethodInvocationHelper.java:80)
	at org.testng.internal.Invoker.invokeMethod(Invoker.java:714)
	at org.testng.internal.Invoker.invokeTestMethod(Invoker.java:901)
	at org.testng.internal.Invoker.invokeTestMethods(Invoker.java:1231)
	at org.testng.internal.TestMethodWorker.invokeTestMethods(TestMethodWorker.java:127)
	at org.testng.internal.TestMethodWorker.run(TestMethodWorker.java:111)
	at org.testng.TestRunner.privateRun(TestRunner.java:767)
	at org.testng.TestRunner.run(TestRunner.java:617)
	at org.testng.SuiteRunner.runTest(SuiteRunner.java:334)
	at org.testng.SuiteRunner.runSequentially(SuiteRunner.java:329)
	at org.testng.SuiteRunner.privateRun(SuiteRunner.java:291)
	at org.testng.SuiteRunner.run(SuiteRunner.java:240)
	at org.testng.SuiteRunnerWorker.runSuite(SuiteRunnerWorker.java:52)
	at org.testng.SuiteRunnerWorker.run(SuiteRunnerWorker.java:86)
	at org.testng.TestNG.runSuitesSequentially(TestNG.java:1198)
	at org.testng.TestNG.runSuitesLocally(TestNG.java:1123)
	at org.testng.TestNG.run(TestNG.java:1031)
	at org.testng.remote.AbstractRemoteTestNG.run(AbstractRemoteTestNG.java:114)
	at org.testng.remote.RemoteTestNG.initAndRun(RemoteTestNG.java:251)
	at org.testng.remote.RemoteTestNG.main(RemoteTestNG.java:77)
]]>
            </full-stacktrace>
          </exception> <!-- java.lang.AssertionError -->
          <reporter-output>
          </reporter-output>
        </test-method> <!-- defaultLocationSeclectedTest -->
        <test-method status="PASS" signature="occupationGroupsInformationPresentTest()[pri:0, instance:com.whertheworkis.qa.testcase.HomePageTest@3a82f6ef]" name="occupationGroupsInformationPresentTest" duration-ms="33" started-at="2020-04-02T13:13:08Z" finished-at="2020-04-02T13:13:08Z">
          <reporter-output>
          </reporter-output>
        </test-method> <!-- occupationGroupsInformationPresentTest -->
        <test-method status="PASS" signature="showallButtonPresentTest()[pri:0, instance:com.whertheworkis.qa.testcase.HomePageTest@3a82f6ef]" name="showallButtonPresentTest" duration-ms="31" started-at="2020-04-02T13:13:08Z" finished-at="2020-04-02T13:13:08Z">
          <reporter-output>
          </reporter-output>
        </test-method> <!-- showallButtonPresentTest -->
        <test-method status="PASS" signature="occupationGroupsDashboardHelperPresentTest()[pri:0, instance:com.whertheworkis.qa.testcase.HomePageTest@3a82f6ef]" name="occupationGroupsDashboardHelperPresentTest" duration-ms="5819" started-at="2020-04-02T13:13:08Z" finished-at="2020-04-02T13:13:14Z">
          <reporter-output>
          </reporter-output>
        </test-method> <!-- occupationGroupsDashboardHelperPresentTest -->
        <test-method status="PASS" signature="occupationGroupsBarChartHelperPresentTest()[pri:0, instance:com.whertheworkis.qa.testcase.HomePageTest@3a82f6ef]" name="occupationGroupsBarChartHelperPresentTest" duration-ms="635" started-at="2020-04-02T13:13:14Z" finished-at="2020-04-02T13:13:14Z">
          <reporter-output>
          </reporter-output>
        </test-method> <!-- occupationGroupsBarChartHelperPresentTest -->
        <test-method status="PASS" signature="occupationGroupsBarChartAxisPresentTest()[pri:0, instance:com.whertheworkis.qa.testcase.HomePageTest@3a82f6ef]" name="occupationGroupsBarChartAxisPresentTest" duration-ms="60" started-at="2020-04-02T13:13:14Z" finished-at="2020-04-02T13:13:14Z">
          <reporter-output>
          </reporter-output>
        </test-method> <!-- occupationGroupsBarChartAxisPresentTest -->
        <test-method status="PASS" signature="clickToHideBarChartLengentPresentTest()[pri:0, instance:com.whertheworkis.qa.testcase.HomePageTest@3a82f6ef]" name="clickToHideBarChartLengentPresentTest" duration-ms="31" started-at="2020-04-02T13:13:14Z" finished-at="2020-04-02T13:13:14Z">
          <reporter-output>
          </reporter-output>
        </test-method> <!-- clickToHideBarChartLengentPresentTest -->
        <test-method status="PASS" signature="barChartHigherEducationLenegntVisibilityTest()[pri:0, instance:com.whertheworkis.qa.testcase.HomePageTest@3a82f6ef]" name="barChartHigherEducationLenegntVisibilityTest" duration-ms="119" started-at="2020-04-02T13:13:14Z" finished-at="2020-04-02T13:13:15Z">
          <reporter-output>
          </reporter-output>
        </test-method> <!-- barChartHigherEducationLenegntVisibilityTest -->
        <test-method status="PASS" signature="barChartFutherEducationLegentVisibilityTest()[pri:0, instance:com.whertheworkis.qa.testcase.HomePageTest@3a82f6ef]" name="barChartFutherEducationLegentVisibilityTest" duration-ms="126" started-at="2020-04-02T13:13:15Z" finished-at="2020-04-02T13:13:15Z">
          <reporter-output>
          </reporter-output>
        </test-method> <!-- barChartFutherEducationLegentVisibilityTest -->
        <test-method status="PASS" signature="barChartSchoolLeaversLegentVisibilityTest()[pri:0, instance:com.whertheworkis.qa.testcase.HomePageTest@3a82f6ef]" name="barChartSchoolLeaversLegentVisibilityTest" duration-ms="107" started-at="2020-04-02T13:13:15Z" finished-at="2020-04-02T13:13:15Z">
          <reporter-output>
          </reporter-output>
        </test-method> <!-- barChartSchoolLeaversLegentVisibilityTest -->
        <test-method status="PASS" signature="bubbleChartPresentTest()[pri:0, instance:com.whertheworkis.qa.testcase.HomePageTest@3a82f6ef]" name="bubbleChartPresentTest" duration-ms="42" started-at="2020-04-02T13:13:15Z" finished-at="2020-04-02T13:13:15Z">
          <reporter-output>
          </reporter-output>
        </test-method> <!-- bubbleChartPresentTest -->
        <test-method status="PASS" signature="bubbleChartFootnotePresentTest()[pri:0, instance:com.whertheworkis.qa.testcase.HomePageTest@3a82f6ef]" name="bubbleChartFootnotePresentTest" duration-ms="48" started-at="2020-04-02T13:13:15Z" finished-at="2020-04-02T13:13:15Z">
          <reporter-output>
          </reporter-output>
        </test-method> <!-- bubbleChartFootnotePresentTest -->
        <test-method status="PASS" signature="footerSectionLogoPresentTest()[pri:0, instance:com.whertheworkis.qa.testcase.HomePageTest@3a82f6ef]" name="footerSectionLogoPresentTest" duration-ms="111" started-at="2020-04-02T13:13:15Z" finished-at="2020-04-02T13:13:15Z">
          <reporter-output>
          </reporter-output>
        </test-method> <!-- footerSectionLogoPresentTest -->
        <test-method status="PASS" signature="barChartDataClassificationTest()[pri:0, instance:com.whertheworkis.qa.testcase.HomePageTest@3a82f6ef]" name="barChartDataClassificationTest" duration-ms="68" started-at="2020-04-02T13:13:15Z" finished-at="2020-04-02T13:13:15Z">
          <reporter-output>
          </reporter-output>
        </test-method> <!-- barChartDataClassificationTest -->
        <test-method status="PASS" signature="barChartToolTipTest()[pri:0, instance:com.whertheworkis.qa.testcase.HomePageTest@3a82f6ef]" name="barChartToolTipTest" duration-ms="19288" started-at="2020-04-02T13:13:15Z" finished-at="2020-04-02T13:13:34Z">
          <reporter-output>
          </reporter-output>
        </test-method> <!-- barChartToolTipTest -->
        <test-method status="PASS" signature="barChartJobOpeningToolTipTest()[pri:0, instance:com.whertheworkis.qa.testcase.HomePageTest@3a82f6ef]" name="barChartJobOpeningToolTipTest" duration-ms="31" started-at="2020-04-02T13:13:34Z" finished-at="2020-04-02T13:13:34Z">
          <reporter-output>
          </reporter-output>
        </test-method> <!-- barChartJobOpeningToolTipTest -->
        <test-method status="PASS" signature="bubbleChartToolTipTest()[pri:0, instance:com.whertheworkis.qa.testcase.HomePageTest@3a82f6ef]" name="bubbleChartToolTipTest" duration-ms="332" started-at="2020-04-02T13:13:34Z" finished-at="2020-04-02T13:13:35Z">
          <reporter-output>
          </reporter-output>
        </test-method> <!-- bubbleChartToolTipTest -->
        <test-method status="PASS" signature="bubbleChartSalaryToolTipTest()[pri:0, instance:com.whertheworkis.qa.testcase.HomePageTest@3a82f6ef]" name="bubbleChartSalaryToolTipTest" duration-ms="27" started-at="2020-04-02T13:13:35Z" finished-at="2020-04-02T13:13:35Z">
          <reporter-output>
          </reporter-output>
        </test-method> <!-- bubbleChartSalaryToolTipTest -->
        <test-method status="PASS" signature="bubbleChartOpportunityToolTipTest()[pri:0, instance:com.whertheworkis.qa.testcase.HomePageTest@3a82f6ef]" name="bubbleChartOpportunityToolTipTest" duration-ms="25" started-at="2020-04-02T13:13:35Z" finished-at="2020-04-02T13:13:35Z">
          <reporter-output>
          </reporter-output>
        </test-method> <!-- bubbleChartOpportunityToolTipTest -->
        <test-method status="PASS" signature="bubbleChartEducationDropDownToolTipTest()[pri:0, instance:com.whertheworkis.qa.testcase.HomePageTest@3a82f6ef]" name="bubbleChartEducationDropDownToolTipTest" duration-ms="30" started-at="2020-04-02T13:13:35Z" finished-at="2020-04-02T13:13:35Z">
          <reporter-output>
          </reporter-output>
        </test-method> <!-- bubbleChartEducationDropDownToolTipTest -->
        <test-method status="PASS" signature="bubbleChartEducationDropDownMenuTest()[pri:0, instance:com.whertheworkis.qa.testcase.HomePageTest@3a82f6ef]" name="bubbleChartEducationDropDownMenuTest" duration-ms="237" started-at="2020-04-02T13:13:35Z" finished-at="2020-04-02T13:13:35Z">
          <reporter-output>
          </reporter-output>
        </test-method> <!-- bubbleChartEducationDropDownMenuTest -->
        <test-method status="PASS" signature="dropDownMenuLocationSelecableTest()[pri:0, instance:com.whertheworkis.qa.testcase.HomePageTest@3a82f6ef]" name="dropDownMenuLocationSelecableTest" duration-ms="8259" started-at="2020-04-02T13:13:35Z" finished-at="2020-04-02T13:13:43Z">
          <reporter-output>
          </reporter-output>
        </test-method> <!-- dropDownMenuLocationSelecableTest -->
        <test-method status="FAIL" signature="mouseHoverOnDashboardOccupationGroupsTest()[pri:0, instance:com.whertheworkis.qa.testcase.HomePageTest@3a82f6ef]" name="mouseHoverOnDashboardOccupationGroupsTest" duration-ms="13301" started-at="2020-04-02T13:13:43Z" finished-at="2020-04-02T13:13:57Z">
          <exception class="java.lang.AssertionError">
            <message>
              <![CDATA[The following asserts failed:
null, null]]>
            </message>
            <full-stacktrace>
              <![CDATA[java.lang.AssertionError: The following asserts failed:
null, null
	at org.testng.asserts.SoftAssert.assertAll(SoftAssert.java:37)
	at com.whertheworkis.qa.testcase.HomePageTest.mouseHoverOnDashboardOccupationGroupsTest(HomePageTest.java:172)
	at sun.reflect.NativeMethodAccessorImpl.invoke0(Native Method)
	at sun.reflect.NativeMethodAccessorImpl.invoke(Unknown Source)
	at sun.reflect.DelegatingMethodAccessorImpl.invoke(Unknown Source)
	at java.lang.reflect.Method.invoke(Unknown Source)
	at org.testng.internal.MethodInvocationHelper.invokeMethod(MethodInvocationHelper.java:80)
	at org.testng.internal.Invoker.invokeMethod(Invoker.java:714)
	at org.testng.internal.Invoker.invokeTestMethod(Invoker.java:901)
	at org.testng.internal.Invoker.invokeTestMethods(Invoker.java:1231)
	at org.testng.internal.TestMethodWorker.invokeTestMethods(TestMethodWorker.java:127)
	at org.testng.internal.TestMethodWorker.run(TestMethodWorker.java:111)
	at org.testng.TestRunner.privateRun(TestRunner.java:767)
	at org.testng.TestRunner.run(TestRunner.java:617)
	at org.testng.SuiteRunner.runTest(SuiteRunner.java:334)
	at org.testng.SuiteRunner.runSequentially(SuiteRunner.java:329)
	at org.testng.SuiteRunner.privateRun(SuiteRunner.java:291)
	at org.testng.SuiteRunner.run(SuiteRunner.java:240)
	at org.testng.SuiteRunnerWorker.runSuite(SuiteRunnerWorker.java:52)
	at org.testng.SuiteRunnerWorker.run(SuiteRunnerWorker.java:86)
	at org.testng.TestNG.runSuitesSequentially(TestNG.java:1198)
	at org.testng.TestNG.runSuitesLocally(TestNG.java:1123)
	at org.testng.TestNG.run(TestNG.java:1031)
	at org.testng.remote.AbstractRemoteTestNG.run(AbstractRemoteTestNG.java:114)
	at org.testng.remote.RemoteTestNG.initAndRun(RemoteTestNG.java:251)
	at org.testng.remote.RemoteTestNG.main(RemoteTestNG.java:77)
]]>
            </full-stacktrace>
          </exception> <!-- java.lang.AssertionError -->
          <reporter-output>
          </reporter-output>
        </test-method> <!-- mouseHoverOnDashboardOccupationGroupsTest -->
        <test-method status="FAIL" signature="mouseHoverOnBarChartOccupationGroupsTest(org.testng.ITestContext)[pri:0, instance:com.whertheworkis.qa.testcase.HomePageTest@3a82f6ef]" name="mouseHoverOnBarChartOccupationGroupsTest" duration-ms="12845" started-at="2020-04-02T13:13:57Z" finished-at="2020-04-02T13:14:10Z">
          <params>
            <param index="0">
              <value>
                <![CDATA[org.testng.TestRunner@4c4d27c8]]>
              </value>
            </param>
          </params>
          <exception class="java.lang.AssertionError">
            <message>
              <![CDATA[The following asserts failed:
null, null]]>
            </message>
            <full-stacktrace>
              <![CDATA[java.lang.AssertionError: The following asserts failed:
null, null
	at org.testng.asserts.SoftAssert.assertAll(SoftAssert.java:37)
	at com.whertheworkis.qa.testcase.HomePageTest.mouseHoverOnBarChartOccupationGroupsTest(HomePageTest.java:182)
	at sun.reflect.NativeMethodAccessorImpl.invoke0(Native Method)
	at sun.reflect.NativeMethodAccessorImpl.invoke(Unknown Source)
	at sun.reflect.DelegatingMethodAccessorImpl.invoke(Unknown Source)
	at java.lang.reflect.Method.invoke(Unknown Source)
	at org.testng.internal.MethodInvocationHelper.invokeMethod(MethodInvocationHelper.java:80)
	at org.testng.internal.Invoker.invokeMethod(Invoker.java:714)
	at org.testng.internal.Invoker.invokeTestMethod(Invoker.java:901)
	at org.testng.internal.Invoker.invokeTestMethods(Invoker.java:1231)
	at org.testng.internal.TestMethodWorker.invokeTestMethods(TestMethodWorker.java:127)
	at org.testng.internal.TestMethodWorker.run(TestMethodWorker.java:111)
	at org.testng.TestRunner.privateRun(TestRunner.java:767)
	at org.testng.TestRunner.run(TestRunner.java:617)
	at org.testng.SuiteRunner.runTest(SuiteRunner.java:334)
	at org.testng.SuiteRunner.runSequentially(SuiteRunner.java:329)
	at org.testng.SuiteRunner.privateRun(SuiteRunner.java:291)
	at org.testng.SuiteRunner.run(SuiteRunner.java:240)
	at org.testng.SuiteRunnerWorker.runSuite(SuiteRunnerWorker.java:52)
	at org.testng.SuiteRunnerWorker.run(SuiteRunnerWorker.java:86)
	at org.testng.TestNG.runSuitesSequentially(TestNG.java:1198)
	at org.testng.TestNG.runSuitesLocally(TestNG.java:1123)
	at org.testng.TestNG.run(TestNG.java:1031)
	at org.testng.remote.AbstractRemoteTestNG.run(AbstractRemoteTestNG.java:114)
	at org.testng.remote.RemoteTestNG.initAndRun(RemoteTestNG.java:251)
	at org.testng.remote.RemoteTestNG.main(RemoteTestNG.java:77)
]]>
            </full-stacktrace>
          </exception> <!-- java.lang.AssertionError -->
          <reporter-output>
          </reporter-output>
        </test-method> <!-- mouseHoverOnBarChartOccupationGroupsTest -->
        <test-method status="PASS" signature="mouseHoverOnBubbleChartOccupationGroupsTest()[pri:0, instance:com.whertheworkis.qa.testcase.HomePageTest@3a82f6ef]" name="mouseHoverOnBubbleChartOccupationGroupsTest" duration-ms="21771" started-at="2020-04-02T13:14:10Z" finished-at="2020-04-02T13:14:31Z">
          <reporter-output>
          </reporter-output>
        </test-method> <!-- mouseHoverOnBubbleChartOccupationGroupsTest -->
        <test-method status="FAIL" signature="mouseClickOnOccupationGroupDashboardTest()[pri:0, instance:com.whertheworkis.qa.testcase.HomePageTest@3a82f6ef]" name="mouseClickOnOccupationGroupDashboardTest" duration-ms="6183" started-at="2020-04-02T13:14:31Z" finished-at="2020-04-02T13:14:37Z">
          <exception class="java.lang.AssertionError">
            <message>
              <![CDATA[expected [job-family selected] but found [job-family]]]>
            </message>
            <full-stacktrace>
              <![CDATA[java.lang.AssertionError: expected [job-family selected] but found [job-family]
	at org.testng.Assert.fail(Assert.java:94)
	at org.testng.Assert.failNotEquals(Assert.java:494)
	at org.testng.Assert.assertEquals(Assert.java:123)
	at org.testng.Assert.assertEquals(Assert.java:176)
	at org.testng.Assert.assertEquals(Assert.java:186)
	at com.whertheworkis.qa.testcase.HomePageTest.mouseClickOnOccupationGroupDashboardTest(HomePageTest.java:247)
	at sun.reflect.NativeMethodAccessorImpl.invoke0(Native Method)
	at sun.reflect.NativeMethodAccessorImpl.invoke(Unknown Source)
	at sun.reflect.DelegatingMethodAccessorImpl.invoke(Unknown Source)
	at java.lang.reflect.Method.invoke(Unknown Source)
	at org.testng.internal.MethodInvocationHelper.invokeMethod(MethodInvocationHelper.java:80)
	at org.testng.internal.Invoker.invokeMethod(Invoker.java:714)
	at org.testng.internal.Invoker.invokeTestMethod(Invoker.java:901)
	at org.testng.internal.Invoker.invokeTestMethods(Invoker.java:1231)
	at org.testng.internal.TestMethodWorker.invokeTestMethods(TestMethodWorker.java:127)
	at org.testng.internal.TestMethodWorker.run(TestMethodWorker.java:111)
	at org.testng.TestRunner.privateRun(TestRunner.java:767)
	at org.testng.TestRunner.run(TestRunner.java:617)
	at org.testng.SuiteRunner.runTest(SuiteRunner.java:334)
	at org.testng.SuiteRunner.runSequentially(SuiteRunner.java:329)
	at org.testng.SuiteRunner.privateRun(SuiteRunner.java:291)
	at org.testng.SuiteRunner.run(SuiteRunner.java:240)
	at org.testng.SuiteRunnerWorker.runSuite(SuiteRunnerWorker.java:52)
	at org.testng.SuiteRunnerWorker.run(SuiteRunnerWorker.java:86)
	at org.testng.TestNG.runSuitesSequentially(TestNG.java:1198)
	at org.testng.TestNG.runSuitesLocally(TestNG.java:1123)
	at org.testng.TestNG.run(TestNG.java:1031)
	at org.testng.remote.AbstractRemoteTestNG.run(AbstractRemoteTestNG.java:114)
	at org.testng.remote.RemoteTestNG.initAndRun(RemoteTestNG.java:251)
	at org.testng.remote.RemoteTestNG.main(RemoteTestNG.java:77)
]]>
            </full-stacktrace>
          </exception> <!-- java.lang.AssertionError -->
          <reporter-output>
          </reporter-output>
        </test-method> <!-- mouseClickOnOccupationGroupDashboardTest -->
        <test-method status="FAIL" signature="barChartTitleTest()[pri:0, instance:com.whertheworkis.qa.testcase.HomePageTest@3a82f6ef]" name="barChartTitleTest" duration-ms="8224" started-at="2020-04-02T13:14:37Z" finished-at="2020-04-02T13:14:46Z">
          <exception class="java.lang.AssertionError">
            <message>
              <![CDATA[expected [Which associate professional & technical occupations have the most openings?] but found [Which occupation groups have the most openings?]]]>
            </message>
            <full-stacktrace>
              <![CDATA[java.lang.AssertionError: expected [Which associate professional & technical occupations have the most openings?] but found [Which occupation groups have the most openings?]
	at org.testng.Assert.fail(Assert.java:94)
	at org.testng.Assert.failNotEquals(Assert.java:494)
	at org.testng.Assert.assertEquals(Assert.java:123)
	at org.testng.Assert.assertEquals(Assert.java:176)
	at org.testng.Assert.assertEquals(Assert.java:186)
	at com.whertheworkis.qa.testcase.HomePageTest.barChartTitleTest(HomePageTest.java:253)
	at sun.reflect.NativeMethodAccessorImpl.invoke0(Native Method)
	at sun.reflect.NativeMethodAccessorImpl.invoke(Unknown Source)
	at sun.reflect.DelegatingMethodAccessorImpl.invoke(Unknown Source)
	at java.lang.reflect.Method.invoke(Unknown Source)
	at org.testng.internal.MethodInvocationHelper.invokeMethod(MethodInvocationHelper.java:80)
	at org.testng.internal.Invoker.invokeMethod(Invoker.java:714)
	at org.testng.internal.Invoker.invokeTestMethod(Invoker.java:901)
	at org.testng.internal.Invoker.invokeTestMethods(Invoker.java:1231)
	at org.testng.internal.TestMethodWorker.invokeTestMethods(TestMethodWorker.java:127)
	at org.testng.internal.TestMethodWorker.run(TestMethodWorker.java:111)
	at org.testng.TestRunner.privateRun(TestRunner.java:767)
	at org.testng.TestRunner.run(TestRunner.java:617)
	at org.testng.SuiteRunner.runTest(SuiteRunner.java:334)
	at org.testng.SuiteRunner.runSequentially(SuiteRunner.java:329)
	at org.testng.SuiteRunner.privateRun(SuiteRunner.java:291)
	at org.testng.SuiteRunner.run(SuiteRunner.java:240)
	at org.testng.SuiteRunnerWorker.runSuite(SuiteRunnerWorker.java:52)
	at org.testng.SuiteRunnerWorker.run(SuiteRunnerWorker.java:86)
	at org.testng.TestNG.runSuitesSequentially(TestNG.java:1198)
	at org.testng.TestNG.runSuitesLocally(TestNG.java:1123)
	at org.testng.TestNG.run(TestNG.java:1031)
	at org.testng.remote.AbstractRemoteTestNG.run(AbstractRemoteTestNG.java:114)
	at org.testng.remote.RemoteTestNG.initAndRun(RemoteTestNG.java:251)
	at org.testng.remote.RemoteTestNG.main(RemoteTestNG.java:77)
]]>
            </full-stacktrace>
          </exception> <!-- java.lang.AssertionError -->
          <reporter-output>
          </reporter-output>
        </test-method> <!-- barChartTitleTest -->
        <test-method status="FAIL" signature="bubbleChartDataTest()[pri:0, instance:com.whertheworkis.qa.testcase.HomePageTest@3a82f6ef]" name="bubbleChartDataTest" duration-ms="13070" started-at="2020-04-02T13:14:46Z" finished-at="2020-04-02T13:14:59Z">
          <exception class="java.lang.AssertionError">
            <message>
              <![CDATA[expected [Health Associate Professionals] but found [Other Skilled Trades]]]>
            </message>
            <full-stacktrace>
              <![CDATA[java.lang.AssertionError: expected [Health Associate Professionals] but found [Other Skilled Trades]
	at org.testng.Assert.fail(Assert.java:94)
	at org.testng.Assert.failNotEquals(Assert.java:494)
	at org.testng.Assert.assertEquals(Assert.java:123)
	at org.testng.Assert.assertEquals(Assert.java:176)
	at org.testng.Assert.assertEquals(Assert.java:186)
	at com.whertheworkis.qa.testcase.HomePageTest.bubbleChartDataTest(HomePageTest.java:259)
	at sun.reflect.NativeMethodAccessorImpl.invoke0(Native Method)
	at sun.reflect.NativeMethodAccessorImpl.invoke(Unknown Source)
	at sun.reflect.DelegatingMethodAccessorImpl.invoke(Unknown Source)
	at java.lang.reflect.Method.invoke(Unknown Source)
	at org.testng.internal.MethodInvocationHelper.invokeMethod(MethodInvocationHelper.java:80)
	at org.testng.internal.Invoker.invokeMethod(Invoker.java:714)
	at org.testng.internal.Invoker.invokeTestMethod(Invoker.java:901)
	at org.testng.internal.Invoker.invokeTestMethods(Invoker.java:1231)
	at org.testng.internal.TestMethodWorker.invokeTestMethods(TestMethodWorker.java:127)
	at org.testng.internal.TestMethodWorker.run(TestMethodWorker.java:111)
	at org.testng.TestRunner.privateRun(TestRunner.java:767)
	at org.testng.TestRunner.run(TestRunner.java:617)
	at org.testng.SuiteRunner.runTest(SuiteRunner.java:334)
	at org.testng.SuiteRunner.runSequentially(SuiteRunner.java:329)
	at org.testng.SuiteRunner.privateRun(SuiteRunner.java:291)
	at org.testng.SuiteRunner.run(SuiteRunner.java:240)
	at org.testng.SuiteRunnerWorker.runSuite(SuiteRunnerWorker.java:52)
	at org.testng.SuiteRunnerWorker.run(SuiteRunnerWorker.java:86)
	at org.testng.TestNG.runSuitesSequentially(TestNG.java:1198)
	at org.testng.TestNG.runSuitesLocally(TestNG.java:1123)
	at org.testng.TestNG.run(TestNG.java:1031)
	at org.testng.remote.AbstractRemoteTestNG.run(AbstractRemoteTestNG.java:114)
	at org.testng.remote.RemoteTestNG.initAndRun(RemoteTestNG.java:251)
	at org.testng.remote.RemoteTestNG.main(RemoteTestNG.java:77)
]]>
            </full-stacktrace>
          </exception> <!-- java.lang.AssertionError -->
          <reporter-output>
          </reporter-output>
        </test-method> <!-- bubbleChartDataTest -->
        <test-method status="FAIL" signature="barChartMouseHoverOnOccupationTest()[pri:0, instance:com.whertheworkis.qa.testcase.HomePageTest@3a82f6ef]" name="barChartMouseHoverOnOccupationTest" duration-ms="11892" started-at="2020-04-02T13:14:59Z" finished-at="2020-04-02T13:15:11Z">
          <exception class="java.lang.AssertionError">
            <message>
              <![CDATA[expected [Sales, Marketing & Related Associate Professionals] but found [Associate Professional & Technical Occupations]]]>
            </message>
            <full-stacktrace>
              <![CDATA[java.lang.AssertionError: expected [Sales, Marketing & Related Associate Professionals] but found [Associate Professional & Technical Occupations]
	at org.testng.Assert.fail(Assert.java:94)
	at org.testng.Assert.failNotEquals(Assert.java:494)
	at org.testng.Assert.assertEquals(Assert.java:123)
	at org.testng.Assert.assertEquals(Assert.java:176)
	at org.testng.Assert.assertEquals(Assert.java:186)
	at com.whertheworkis.qa.testcase.HomePageTest.barChartMouseHoverOnOccupationTest(HomePageTest.java:265)
	at sun.reflect.NativeMethodAccessorImpl.invoke0(Native Method)
	at sun.reflect.NativeMethodAccessorImpl.invoke(Unknown Source)
	at sun.reflect.DelegatingMethodAccessorImpl.invoke(Unknown Source)
	at java.lang.reflect.Method.invoke(Unknown Source)
	at org.testng.internal.MethodInvocationHelper.invokeMethod(MethodInvocationHelper.java:80)
	at org.testng.internal.Invoker.invokeMethod(Invoker.java:714)
	at org.testng.internal.Invoker.invokeTestMethod(Invoker.java:901)
	at org.testng.internal.Invoker.invokeTestMethods(Invoker.java:1231)
	at org.testng.internal.TestMethodWorker.invokeTestMethods(TestMethodWorker.java:127)
	at org.testng.internal.TestMethodWorker.run(TestMethodWorker.java:111)
	at org.testng.TestRunner.privateRun(TestRunner.java:767)
	at org.testng.TestRunner.run(TestRunner.java:617)
	at org.testng.SuiteRunner.runTest(SuiteRunner.java:334)
	at org.testng.SuiteRunner.runSequentially(SuiteRunner.java:329)
	at org.testng.SuiteRunner.privateRun(SuiteRunner.java:291)
	at org.testng.SuiteRunner.run(SuiteRunner.java:240)
	at org.testng.SuiteRunnerWorker.runSuite(SuiteRunnerWorker.java:52)
	at org.testng.SuiteRunnerWorker.run(SuiteRunnerWorker.java:86)
	at org.testng.TestNG.runSuitesSequentially(TestNG.java:1198)
	at org.testng.TestNG.runSuitesLocally(TestNG.java:1123)
	at org.testng.TestNG.run(TestNG.java:1031)
	at org.testng.remote.AbstractRemoteTestNG.run(AbstractRemoteTestNG.java:114)
	at org.testng.remote.RemoteTestNG.initAndRun(RemoteTestNG.java:251)
	at org.testng.remote.RemoteTestNG.main(RemoteTestNG.java:77)
]]>
            </full-stacktrace>
          </exception> <!-- java.lang.AssertionError -->
          <reporter-output>
          </reporter-output>
        </test-method> <!-- barChartMouseHoverOnOccupationTest -->
        <test-method status="FAIL" signature="bubbleChartMouseHoverOnOccupationTest()[pri:0, instance:com.whertheworkis.qa.testcase.HomePageTest@3a82f6ef]" name="bubbleChartMouseHoverOnOccupationTest" duration-ms="14457" started-at="2020-04-02T13:15:11Z" finished-at="2020-04-02T13:15:25Z">
          <exception class="java.lang.AssertionError">
            <message>
              <![CDATA[expected [Sales, Marketing & Related Associate Professionals] but found [Sales Supervisors]]]>
            </message>
            <full-stacktrace>
              <![CDATA[java.lang.AssertionError: expected [Sales, Marketing & Related Associate Professionals] but found [Sales Supervisors]
	at org.testng.Assert.fail(Assert.java:94)
	at org.testng.Assert.failNotEquals(Assert.java:494)
	at org.testng.Assert.assertEquals(Assert.java:123)
	at org.testng.Assert.assertEquals(Assert.java:176)
	at org.testng.Assert.assertEquals(Assert.java:186)
	at com.whertheworkis.qa.testcase.HomePageTest.bubbleChartMouseHoverOnOccupationTest(HomePageTest.java:271)
	at sun.reflect.NativeMethodAccessorImpl.invoke0(Native Method)
	at sun.reflect.NativeMethodAccessorImpl.invoke(Unknown Source)
	at sun.reflect.DelegatingMethodAccessorImpl.invoke(Unknown Source)
	at java.lang.reflect.Method.invoke(Unknown Source)
	at org.testng.internal.MethodInvocationHelper.invokeMethod(MethodInvocationHelper.java:80)
	at org.testng.internal.Invoker.invokeMethod(Invoker.java:714)
	at org.testng.internal.Invoker.invokeTestMethod(Invoker.java:901)
	at org.testng.internal.Invoker.invokeTestMethods(Invoker.java:1231)
	at org.testng.internal.TestMethodWorker.invokeTestMethods(TestMethodWorker.java:127)
	at org.testng.internal.TestMethodWorker.run(TestMethodWorker.java:111)
	at org.testng.TestRunner.privateRun(TestRunner.java:767)
	at org.testng.TestRunner.run(TestRunner.java:617)
	at org.testng.SuiteRunner.runTest(SuiteRunner.java:334)
	at org.testng.SuiteRunner.runSequentially(SuiteRunner.java:329)
	at org.testng.SuiteRunner.privateRun(SuiteRunner.java:291)
	at org.testng.SuiteRunner.run(SuiteRunner.java:240)
	at org.testng.SuiteRunnerWorker.runSuite(SuiteRunnerWorker.java:52)
	at org.testng.SuiteRunnerWorker.run(SuiteRunnerWorker.java:86)
	at org.testng.TestNG.runSuitesSequentially(TestNG.java:1198)
	at org.testng.TestNG.runSuitesLocally(TestNG.java:1123)
	at org.testng.TestNG.run(TestNG.java:1031)
	at org.testng.remote.AbstractRemoteTestNG.run(AbstractRemoteTestNG.java:114)
	at org.testng.remote.RemoteTestNG.initAndRun(RemoteTestNG.java:251)
	at org.testng.remote.RemoteTestNG.main(RemoteTestNG.java:77)
]]>
            </full-stacktrace>
          </exception> <!-- java.lang.AssertionError -->
          <reporter-output>
          </reporter-output>
        </test-method> <!-- bubbleChartMouseHoverOnOccupationTest -->
        <test-method status="PASS" signature="showallButtonFunctionTest()[pri:0, instance:com.whertheworkis.qa.testcase.HomePageTest@3a82f6ef]" name="showallButtonFunctionTest" duration-ms="12935" started-at="2020-04-02T13:15:25Z" finished-at="2020-04-02T13:15:38Z">
          <reporter-output>
          </reporter-output>
        </test-method> <!-- showallButtonFunctionTest -->
        <test-method status="PASS" signature="mouseClickBarChartOccupationGroupTest()[pri:0, instance:com.whertheworkis.qa.testcase.HomePageTest@3a82f6ef]" name="mouseClickBarChartOccupationGroupTest" duration-ms="18635" started-at="2020-04-02T13:15:38Z" finished-at="2020-04-02T13:15:57Z">
          <reporter-output>
          </reporter-output>
        </test-method> <!-- mouseClickBarChartOccupationGroupTest -->
        <test-method status="FAIL" signature="barChartPopupWindowOpenTest()[pri:0, instance:com.whertheworkis.qa.testcase.HomePageTest@3a82f6ef]" name="barChartPopupWindowOpenTest" duration-ms="30717" started-at="2020-04-02T13:15:57Z" finished-at="2020-04-02T13:16:27Z">
          <exception class="org.openqa.selenium.TimeoutException">
            <message>
              <![CDATA[Expected condition failed: waiting for visibility of [[ChromeDriver: chrome on WINDOWS (95b2a34a663dcfd8cb3a63b31793e686)] -> id: occupationModalLabel] (tried for 10 second(s) with 500 milliseconds interval)
Build info: version: '3.141.59', revision: 'e82be7d358', time: '2018-11-14T08:17:03'
System info: host: 'DURAI-LT', ip: '10.199.200.185', os.name: 'Windows 8.1', os.arch: 'amd64', os.version: '6.3', java.version: '1.8.0_11'
Driver info: org.openqa.selenium.chrome.ChromeDriver
Capabilities {acceptInsecureCerts: false, browserName: chrome, browserVersion: 80.0.3987.162, chrome: {chromedriverVersion: 80.0.3987.106 (f68069574609..., userDataDir: C:\Users\DVENKA~1\AppData\L...}, goog:chromeOptions: {debuggerAddress: localhost:53601}, javascriptEnabled: true, networkConnectionEnabled: false, pageLoadStrategy: eager, platform: WINDOWS, platformName: WINDOWS, proxy: Proxy(), setWindowRect: true, strictFileInteractability: false, timeouts: {implicit: 0, pageLoad: 300000, script: 30000}, unhandledPromptBehavior: dismiss and notify}
Session ID: 95b2a34a663dcfd8cb3a63b31793e686]]>
            </message>
            <full-stacktrace>
              <![CDATA[org.openqa.selenium.TimeoutException: Expected condition failed: waiting for visibility of [[ChromeDriver: chrome on WINDOWS (95b2a34a663dcfd8cb3a63b31793e686)] -> id: occupationModalLabel] (tried for 10 second(s) with 500 milliseconds interval)
Build info: version: '3.141.59', revision: 'e82be7d358', time: '2018-11-14T08:17:03'
System info: host: 'DURAI-LT', ip: '10.199.200.185', os.name: 'Windows 8.1', os.arch: 'amd64', os.version: '6.3', java.version: '1.8.0_11'
Driver info: org.openqa.selenium.chrome.ChromeDriver
Capabilities {acceptInsecureCerts: false, browserName: chrome, browserVersion: 80.0.3987.162, chrome: {chromedriverVersion: 80.0.3987.106 (f68069574609..., userDataDir: C:\Users\DVENKA~1\AppData\L...}, goog:chromeOptions: {debuggerAddress: localhost:53601}, javascriptEnabled: true, networkConnectionEnabled: false, pageLoadStrategy: eager, platform: WINDOWS, platformName: WINDOWS, proxy: Proxy(), setWindowRect: true, strictFileInteractability: false, timeouts: {implicit: 0, pageLoad: 300000, script: 30000}, unhandledPromptBehavior: dismiss and notify}
Session ID: 95b2a34a663dcfd8cb3a63b31793e686
	at org.openqa.selenium.support.ui.WebDriverWait.timeoutException(WebDriverWait.java:95)
	at org.openqa.selenium.support.ui.FluentWait.until(FluentWait.java:272)
	at com.wheretheworkis.qa.util.TestUtil.waitForElementToBeVisible(TestUtil.java:47)
	at com.wheretheworkis.qa.pages.HomePage.validateBarChartPopupWindow(HomePage.java:397)
	at com.whertheworkis.qa.testcase.HomePageTest.barChartPopupWindowOpenTest(HomePageTest.java:288)
	at sun.reflect.NativeMethodAccessorImpl.invoke0(Native Method)
	at sun.reflect.NativeMethodAccessorImpl.invoke(Unknown Source)
	at sun.reflect.DelegatingMethodAccessorImpl.invoke(Unknown Source)
	at java.lang.reflect.Method.invoke(Unknown Source)
	at org.testng.internal.MethodInvocationHelper.invokeMethod(MethodInvocationHelper.java:80)
	at org.testng.internal.Invoker.invokeMethod(Invoker.java:714)
	at org.testng.internal.Invoker.invokeTestMethod(Invoker.java:901)
	at org.testng.internal.Invoker.invokeTestMethods(Invoker.java:1231)
	at org.testng.internal.TestMethodWorker.invokeTestMethods(TestMethodWorker.java:127)
	at org.testng.internal.TestMethodWorker.run(TestMethodWorker.java:111)
	at org.testng.TestRunner.privateRun(TestRunner.java:767)
	at org.testng.TestRunner.run(TestRunner.java:617)
	at org.testng.SuiteRunner.runTest(SuiteRunner.java:334)
	at org.testng.SuiteRunner.runSequentially(SuiteRunner.java:329)
	at org.testng.SuiteRunner.privateRun(SuiteRunner.java:291)
	at org.testng.SuiteRunner.run(SuiteRunner.java:240)
	at org.testng.SuiteRunnerWorker.runSuite(SuiteRunnerWorker.java:52)
	at org.testng.SuiteRunnerWorker.run(SuiteRunnerWorker.java:86)
	at org.testng.TestNG.runSuitesSequentially(TestNG.java:1198)
	at org.testng.TestNG.runSuitesLocally(TestNG.java:1123)
	at org.testng.TestNG.run(TestNG.java:1031)
	at org.testng.remote.AbstractRemoteTestNG.run(AbstractRemoteTestNG.java:114)
	at org.testng.remote.RemoteTestNG.initAndRun(RemoteTestNG.java:251)
	at org.testng.remote.RemoteTestNG.main(RemoteTestNG.java:77)
]]>
            </full-stacktrace>
          </exception> <!-- org.openqa.selenium.TimeoutException -->
          <reporter-output>
          </reporter-output>
        </test-method> <!-- barChartPopupWindowOpenTest -->
        <test-method status="FAIL" signature="bubbleChartPopupWindowOpenTest()[pri:0, instance:com.whertheworkis.qa.testcase.HomePageTest@3a82f6ef]" name="bubbleChartPopupWindowOpenTest" duration-ms="25416" started-at="2020-04-02T13:16:27Z" finished-at="2020-04-02T13:16:53Z">
          <exception class="org.openqa.selenium.TimeoutException">
            <message>
              <![CDATA[Expected condition failed: waiting for visibility of [[ChromeDriver: chrome on WINDOWS (95b2a34a663dcfd8cb3a63b31793e686)] -> id: occupationModalLabel] (tried for 5 second(s) with 500 milliseconds interval)
Build info: version: '3.141.59', revision: 'e82be7d358', time: '2018-11-14T08:17:03'
System info: host: 'DURAI-LT', ip: '10.199.200.185', os.name: 'Windows 8.1', os.arch: 'amd64', os.version: '6.3', java.version: '1.8.0_11'
Driver info: org.openqa.selenium.chrome.ChromeDriver
Capabilities {acceptInsecureCerts: false, browserName: chrome, browserVersion: 80.0.3987.162, chrome: {chromedriverVersion: 80.0.3987.106 (f68069574609..., userDataDir: C:\Users\DVENKA~1\AppData\L...}, goog:chromeOptions: {debuggerAddress: localhost:53601}, javascriptEnabled: true, networkConnectionEnabled: false, pageLoadStrategy: eager, platform: WINDOWS, platformName: WINDOWS, proxy: Proxy(), setWindowRect: true, strictFileInteractability: false, timeouts: {implicit: 0, pageLoad: 300000, script: 30000}, unhandledPromptBehavior: dismiss and notify}
Session ID: 95b2a34a663dcfd8cb3a63b31793e686]]>
            </message>
            <full-stacktrace>
              <![CDATA[org.openqa.selenium.TimeoutException: Expected condition failed: waiting for visibility of [[ChromeDriver: chrome on WINDOWS (95b2a34a663dcfd8cb3a63b31793e686)] -> id: occupationModalLabel] (tried for 5 second(s) with 500 milliseconds interval)
Build info: version: '3.141.59', revision: 'e82be7d358', time: '2018-11-14T08:17:03'
System info: host: 'DURAI-LT', ip: '10.199.200.185', os.name: 'Windows 8.1', os.arch: 'amd64', os.version: '6.3', java.version: '1.8.0_11'
Driver info: org.openqa.selenium.chrome.ChromeDriver
Capabilities {acceptInsecureCerts: false, browserName: chrome, browserVersion: 80.0.3987.162, chrome: {chromedriverVersion: 80.0.3987.106 (f68069574609..., userDataDir: C:\Users\DVENKA~1\AppData\L...}, goog:chromeOptions: {debuggerAddress: localhost:53601}, javascriptEnabled: true, networkConnectionEnabled: false, pageLoadStrategy: eager, platform: WINDOWS, platformName: WINDOWS, proxy: Proxy(), setWindowRect: true, strictFileInteractability: false, timeouts: {implicit: 0, pageLoad: 300000, script: 30000}, unhandledPromptBehavior: dismiss and notify}
Session ID: 95b2a34a663dcfd8cb3a63b31793e686
	at org.openqa.selenium.support.ui.WebDriverWait.timeoutException(WebDriverWait.java:95)
	at org.openqa.selenium.support.ui.FluentWait.until(FluentWait.java:272)
	at com.wheretheworkis.qa.util.TestUtil.waitForElementToBeVisible(TestUtil.java:47)
	at com.wheretheworkis.qa.pages.HomePage.validateBubbleChartPopupWindow(HomePage.java:413)
	at com.whertheworkis.qa.testcase.HomePageTest.bubbleChartPopupWindowOpenTest(HomePageTest.java:293)
	at sun.reflect.NativeMethodAccessorImpl.invoke0(Native Method)
	at sun.reflect.NativeMethodAccessorImpl.invoke(Unknown Source)
	at sun.reflect.DelegatingMethodAccessorImpl.invoke(Unknown Source)
	at java.lang.reflect.Method.invoke(Unknown Source)
	at org.testng.internal.MethodInvocationHelper.invokeMethod(MethodInvocationHelper.java:80)
	at org.testng.internal.Invoker.invokeMethod(Invoker.java:714)
	at org.testng.internal.Invoker.invokeTestMethod(Invoker.java:901)
	at org.testng.internal.Invoker.invokeTestMethods(Invoker.java:1231)
	at org.testng.internal.TestMethodWorker.invokeTestMethods(TestMethodWorker.java:127)
	at org.testng.internal.TestMethodWorker.run(TestMethodWorker.java:111)
	at org.testng.TestRunner.privateRun(TestRunner.java:767)
	at org.testng.TestRunner.run(TestRunner.java:617)
	at org.testng.SuiteRunner.runTest(SuiteRunner.java:334)
	at org.testng.SuiteRunner.runSequentially(SuiteRunner.java:329)
	at org.testng.SuiteRunner.privateRun(SuiteRunner.java:291)
	at org.testng.SuiteRunner.run(SuiteRunner.java:240)
	at org.testng.SuiteRunnerWorker.runSuite(SuiteRunnerWorker.java:52)
	at org.testng.SuiteRunnerWorker.run(SuiteRunnerWorker.java:86)
	at org.testng.TestNG.runSuitesSequentially(TestNG.java:1198)
	at org.testng.TestNG.runSuitesLocally(TestNG.java:1123)
	at org.testng.TestNG.run(TestNG.java:1031)
	at org.testng.remote.AbstractRemoteTestNG.run(AbstractRemoteTestNG.java:114)
	at org.testng.remote.RemoteTestNG.initAndRun(RemoteTestNG.java:251)
	at org.testng.remote.RemoteTestNG.main(RemoteTestNG.java:77)
]]>
            </full-stacktrace>
          </exception> <!-- org.openqa.selenium.TimeoutException -->
          <reporter-output>
          </reporter-output>
        </test-method> <!-- bubbleChartPopupWindowOpenTest -->
        <test-method status="PASS" signature="tearDown()[pri:0, instance:com.whertheworkis.qa.testcase.HomePageTest@3a82f6ef]" name="tearDown" is-config="true" duration-ms="1107" started-at="2020-04-02T13:16:53Z" finished-at="2020-04-02T13:16:54Z">
          <reporter-output>
          </reporter-output>
        </test-method> <!-- tearDown -->
      </class> <!-- com.whertheworkis.qa.testcase.HomePageTest -->
    </test> <!-- Default test -->
  </suite> <!-- Default suite -->
</testng-results>
